<?xml version="1.0" encoding="UTF-8" ?>
<testsuites id="2026-07-05" name="report_282" tests="818" failures="8" skipped="0" flaky="0" time="0.000">
	<testsuite id="0" name="action_skills_test" package="tests/gdunit" timestamp="2026-07-04T16:58:56" hostname="localhost" tests="14" failures="0" errors="0" skipped="0" flaky="0" time="0.079">
		<testcase name="test_action_skills_count_5" classname="action_skills_test" time="0.005">
		</testcase>
		<testcase name="test_all_skill_ids_chinese" classname="action_skills_test" time="0.003">
		</testcase>
		<testcase name="test_get_skill_by_id" classname="action_skills_test" time="0.003">
		</testcase>
		<testcase name="test_get_skill_by_id_not_found" classname="action_skills_test" time="0.003">
		</testcase>
		<testcase name="test_get_skill_by_enum" classname="action_skills_test" time="0.004">
		</testcase>
		<testcase name="test_all_skills_type_action" classname="action_skills_test" time="0.003">
		</testcase>
		<testcase name="test_all_skills_no_school_field" classname="action_skills_test" time="0.003">
		</testcase>
		<testcase name="test_kick_low_cooldown" classname="action_skills_test" time="0.004">
		</testcase>
		<testcase name="test_charge_has_stun" classname="action_skills_test" time="0.003">
		</testcase>
		<testcase name="test_slide_has_iframes" classname="action_skills_test" time="0.004">
		</testcase>
		<testcase name="test_tactical_step_has_dodge_frames" classname="action_skills_test" time="0.004">
		</testcase>
		<testcase name="test_grab_throw_high_knockback" classname="action_skills_test" time="0.004">
		</testcase>
		<testcase name="test_all_cooldowns_positive" classname="action_skills_test" time="0.004">
		</testcase>
		<testcase name="test_all_cast_times_non_negative" classname="action_skills_test" time="0.004">
		</testcase>
	</testsuite>
	<testsuite id="1" name="attr_panel_test" package="tests/gdunit" timestamp="2026-07-04T16:58:56" hostname="localhost" tests="17" failures="0" errors="0" skipped="0" flaky="0" time="0.105">
		<testcase name="test_initial_attrs_all_5" classname="attr_panel_test" time="0.003">
		</testcase>
		<testcase name="test_initial_level_1" classname="attr_panel_test" time="0.003">
		</testcase>
		<testcase name="test_get_player_attrs_returns_dict" classname="attr_panel_test" time="0.007">
		</testcase>
		<testcase name="test_accumulate_attr_adds_exp" classname="attr_panel_test" time="0.007">
		</testcase>
		<testcase name="test_accumulate_attr_levels_up_at_threshold" classname="attr_panel_test" time="0.006">
		</testcase>
		<testcase name="test_accumulate_attr_wrong_key_returns_false" classname="attr_panel_test" time="0.004">
		</testcase>
		<testcase name="test_accumulate_proficiency_adds_exp" classname="attr_panel_test" time="0.004">
		</testcase>
		<testcase name="test_accumulate_level_exp_levels_up" classname="attr_panel_test" time="0.003">
		</testcase>
		<testcase name="test_compute_max_hp_base" classname="attr_panel_test" time="0.003">
		</testcase>
		<testcase name="test_compute_max_hp_with_milestone" classname="attr_panel_test" time="0.003">
		</testcase>
		<testcase name="test_compute_carry_weight" classname="attr_panel_test" time="0.003">
		</testcase>
		<testcase name="test_compute_evade_rate" classname="attr_panel_test" time="0.003">
		</testcase>
		<testcase name="test_check_skill_unlocks_empty_initially" classname="attr_panel_test" time="0.003">
		</testcase>
		<testcase name="test_serialize_deserialize" classname="attr_panel_test" time="0.003">
		</testcase>
		<testcase name="test_reset_clears_all" classname="attr_panel_test" time="0.004">
		</testcase>
		<testcase name="test_has_milestone" classname="attr_panel_test" time="0.003">
		</testcase>
		<testcase name="test_get_milestone_returns_empty_if_not_unlocked" classname="attr_panel_test" time="0.003">
		</testcase>
	</testsuite>
	<testsuite id="2" name="base_level_test" package="tests/gdunit" timestamp="2026-07-04T16:58:56" hostname="localhost" tests="7" failures="0" errors="0" skipped="0" flaky="0" time="0.039">
		<testcase name="test_base_level_script_exists" classname="base_level_test" time="0.003">
		</testcase>
		<testcase name="test_base_level_scene_exists" classname="base_level_test" time="0.003">
		</testcase>
		<testcase name="test_level_01_exists" classname="base_level_test" time="0.003">
		</testcase>
		<testcase name="test_is_procedural_default_false" classname="base_level_test" time="0.003">
		</testcase>
		<testcase name="test_procedural_dungeon_overrides_is_procedural" classname="base_level_test" time="0.003">
		</testcase>
		<testcase name="test_player_prefab_exists" classname="base_level_test" time="0.003">
		</testcase>
		<testcase name="test_spawn_player_requires_player_spawn_node" classname="base_level_test" time="0.003">
		</testcase>
	</testsuite>
	<testsuite id="3" name="brewing_data_test" package="tests/gdunit" timestamp="2026-07-04T16:58:56" hostname="localhost" tests="38" failures="0" errors="0" skipped="0" flaky="0" time="0.234">
		<testcase name="test_flavor_count_is_16" classname="brewing_data_test" time="0.003">
		</testcase>
		<testcase name="test_flavor_name_enum_bidirectional_consistency" classname="brewing_data_test" time="0.004">
		</testcase>
		<testcase name="test_flavor_tr_keys_cover_all_16" classname="brewing_data_test" time="0.003">
		</testcase>
		<testcase name="test_material_count_is_40" classname="brewing_data_test" time="0.003">
		</testcase>
		<testcase name="test_each_zone_has_10_materials" classname="brewing_data_test" time="0.004">
		</testcase>
		<testcase name="test_all_material_flavors_use_valid_names" classname="brewing_data_test" time="0.005">
		</testcase>
		<testcase name="test_material_flavor_intensity_in_valid_range" classname="brewing_data_test" time="0.006">
		</testcase>
		<testcase name="test_material_flavor_count_in_valid_range" classname="brewing_data_test" time="0.004">
		</testcase>
		<testcase name="test_all_materials_have_name_and_zone" classname="brewing_data_test" time="0.004">
		</testcase>
		<testcase name="test_recipe_count_is_10" classname="brewing_data_test" time="0.004">
		</testcase>
		<testcase name="test_all_recipe_ingredients_are_valid_materials" classname="brewing_data_test" time="0.004">
		</testcase>
		<testcase name="test_all_recipe_ingredient_counts_positive" classname="brewing_data_test" time="0.004">
		</testcase>
		<testcase name="test_recipe_expected_flavors_match_computation" classname="brewing_data_test" time="0.005">
		</testcase>
		<testcase name="test_race_preference_count_is_6" classname="brewing_data_test" time="0.003">
		</testcase>
		<testcase name="test_all_race_liked_flavors_valid" classname="brewing_data_test" time="0.004">
		</testcase>
		<testcase name="test_all_race_hated_flavors_valid" classname="brewing_data_test" time="0.003">
		</testcase>
		<testcase name="test_human_preferences_exact" classname="brewing_data_test" time="0.003">
		</testcase>
		<testcase name="test_goblin_preferences_exact" classname="brewing_data_test" time="0.003">
		</testcase>
		<testcase name="test_minotaur_preferences_exact" classname="brewing_data_test" time="0.004">
		</testcase>
		<testcase name="test_cyclops_preferences_exact" classname="brewing_data_test" time="0.004">
		</testcase>
		<testcase name="test_ghost_preferences_exact" classname="brewing_data_test" time="0.004">
		</testcase>
		<testcase name="test_elf_preferences_exact" classname="brewing_data_test" time="0.004">
		</testcase>
		<testcase name="test_satisfaction_liked_meets_threshold_passes" classname="brewing_data_test" time="0.003">
		</testcase>
		<testcase name="test_satisfaction_liked_below_threshold_fails" classname="brewing_data_test" time="0.003">
		</testcase>
		<testcase name="test_satisfaction_hated_present_fails" classname="brewing_data_test" time="0.004">
		</testcase>
		<testcase name="test_satisfaction_goblin_with_rot_sweet_passes" classname="brewing_data_test" time="0.004">
		</testcase>
		<testcase name="test_satisfaction_goblin_with_bitter_fails" classname="brewing_data_test" time="0.005">
		</testcase>
		<testcase name="test_satisfaction_unknown_race_returns_false" classname="brewing_data_test" time="0.004">
		</testcase>
		<testcase name="test_match_recipe_exact_match" classname="brewing_data_test" time="0.004">
		</testcase>
		<testcase name="test_match_recipe_no_match_returns_empty" classname="brewing_data_test" time="0.004">
		</testcase>
		<testcase name="test_match_recipe_wrong_count_no_match" classname="brewing_data_test" time="0.004">
		</testcase>
		<testcase name="test_glowberry_juice_price_is_30" classname="brewing_data_test" time="0.004">
		</testcase>
		<testcase name="test_moonlight_ale_price_is_45" classname="brewing_data_test" time="0.005">
		</testcase>
		<testcase name="test_lava_royal_whiskey_price_is_80" classname="brewing_data_test" time="0.007">
		</testcase>
		<testcase name="test_monster_recipes_have_null_price" classname="brewing_data_test" time="0.005">
		</testcase>
		<testcase name="test_compute_brew_flavors_sums_correctly" classname="brewing_data_test" time="0.005">
		</testcase>
		<testcase name="test_compute_brew_flavors_unknown_material_ignored" classname="brewing_data_test" time="0.005">
		</testcase>
		<testcase name="test_compute_brew_flavors_empty_returns_empty" classname="brewing_data_test" time="0.005">
		</testcase>
	</testsuite>
	<testsuite id="4" name="brewing_panel_proximity_test" package="tests/gdunit" timestamp="2026-07-04T16:58:57" hostname="localhost" tests="3" failures="0" errors="0" skipped="0" flaky="0" time="0.128">
		<testcase name="test_brewing_panel_default_hidden" classname="brewing_panel_proximity_test" time="0.051">
		</testcase>
		<testcase name="test_brewing_panel_instance_present" classname="brewing_panel_proximity_test" time="0.018">
		</testcase>
		<testcase name="test_brewing_station_pos_matches_tavern_scene" classname="brewing_panel_proximity_test" time="0.048">
		</testcase>
	</testsuite>
	<testsuite id="5" name="brewing_panel_scene_test" package="tests/gdunit" timestamp="2026-07-04T16:58:57" hostname="localhost" tests="7" failures="0" errors="0" skipped="0" flaky="0" time="0.088">
		<testcase name="test_brewing_panel_scene_loads" classname="brewing_panel_scene_test" time="0.007">
		</testcase>
		<testcase name="test_brewing_panel_scene_has_7_required_nodes" classname="brewing_panel_scene_test" time="0.010">
		</testcase>
		<testcase name="test_brewing_panel_script_finds_all_nodes" classname="brewing_panel_scene_test" time="0.008">
		</testcase>
		<testcase name="test_brewing_panel_buttons_initial_state" classname="brewing_panel_scene_test" time="0.008">
		</testcase>
		<testcase name="test_brewing_panel_keg_status_list_populates" classname="brewing_panel_scene_test" time="0.008">
		</testcase>
		<testcase name="test_brewing_panel_material_grid_populates" classname="brewing_panel_scene_test" time="0.008">
		</testcase>
		<testcase name="test_tavern_ui_loads_with_brewing_panel_instance" classname="brewing_panel_scene_test" time="0.016">
		</testcase>
	</testsuite>
	<testsuite id="6" name="brewing_panel_test" package="tests/gdunit" timestamp="2026-07-04T16:58:57" hostname="localhost" tests="28" failures="0" errors="0" skipped="0" flaky="0" time="0.200">
		<testcase name="test_panel_loads_with_autoloads" classname="brewing_panel_test" time="0.004">
		</testcase>
		<testcase name="test_panel_has_brewing_basket_empty_initially" classname="brewing_panel_test" time="0.006">
		</testcase>
		<testcase name="test_inventory_loaded_from_tavern_manager" classname="brewing_panel_test" time="0.004">
		</testcase>
		<testcase name="test_current_day_from_tavern_manager" classname="brewing_panel_test" time="0.006">
		</testcase>
		<testcase name="test_brew_pressed_empty_basket_shows_status" classname="brewing_panel_test" time="0.006">
		</testcase>
		<testcase name="test_brew_pressed_with_ingredients_starts_fermentation" classname="brewing_panel_test" time="0.005">
		</testcase>
		<testcase name="test_brew_pressed_no_empty_keg_fails" classname="brewing_panel_test" time="0.004">
		</testcase>
		<testcase name="test_brew_pressed_insufficient_inventory_fails" classname="brewing_panel_test" time="0.004">
		</testcase>
		<testcase name="test_brew_matched_recipe_recorded" classname="brewing_panel_test" time="0.004">
		</testcase>
		<testcase name="test_open_keg_empty_keg_fails" classname="brewing_panel_test" time="0.004">
		</testcase>
		<testcase name="test_open_keg_ready_returns_flavors" classname="brewing_panel_test" time="0.003">
		</testcase>
		<testcase name="test_open_keg_aging_returns_flavors" classname="brewing_panel_test" time="0.004">
		</testcase>
		<testcase name="test_open_keg_no_selection_fails" classname="brewing_panel_test" time="0.004">
		</testcase>
		<testcase name="test_seal_aging_ready_succeeds" classname="brewing_panel_test" time="0.004">
		</testcase>
		<testcase name="test_seal_aging_empty_fails" classname="brewing_panel_test" time="0.004">
		</testcase>
		<testcase name="test_seal_aging_fermenting_fails" classname="brewing_panel_test" time="0.006">
		</testcase>
		<testcase name="test_seal_aging_no_selection_fails" classname="brewing_panel_test" time="0.004">
		</testcase>
		<testcase name="test_deduct_inventory_success" classname="brewing_panel_test" time="0.005">
		</testcase>
		<testcase name="test_deduct_inventory_insufficient_fails" classname="brewing_panel_test" time="0.004">
		</testcase>
		<testcase name="test_deduct_inventory_erases_zero_entries" classname="brewing_panel_test" time="0.004">
		</testcase>
		<testcase name="test_find_empty_keg_returns_first_empty" classname="brewing_panel_test" time="0.004">
		</testcase>
		<testcase name="test_find_empty_keg_none_empty_returns_minus1" classname="brewing_panel_test" time="0.004">
		</testcase>
		<testcase name="test_clear_basket_empties" classname="brewing_panel_test" time="0.004">
		</testcase>
		<testcase name="test_on_day_advance_advances_fermentation" classname="brewing_panel_test" time="0.005">
		</testcase>
		<testcase name="test_brew_started_signal_emitted" classname="brewing_panel_test" time="0.005">
		</testcase>
		<testcase name="test_keg_opened_signal_emitted" classname="brewing_panel_test" time="0.006">
		</testcase>
		<testcase name="test_keg_sealed_signal_emitted" classname="brewing_panel_test" time="0.004">
		</testcase>
		<testcase name="test_inventory_uses_chinese_material_ids" classname="brewing_panel_test" time="0.005">
		</testcase>
	</testsuite>
	<testsuite id="7" name="bsp_generator_extended_test" package="tests/gdunit" timestamp="2026-07-04T16:58:57" hostname="localhost" tests="8" failures="0" errors="0" skipped="0" flaky="0" time="0.109">
		<testcase name="test_bsp_generator_10x10_grid" classname="bsp_generator_extended_test" time="0.006">
		</testcase>
		<testcase name="test_bsp_generator_20x20_grid" classname="bsp_generator_extended_test" time="0.008">
		</testcase>
		<testcase name="test_bsp_generator_varying_sizes" classname="bsp_generator_extended_test" time="0.044">
		</testcase>
		<testcase name="test_bsp_tile_types_enum" classname="bsp_generator_extended_test" time="0.004">
		</testcase>
		<testcase name="test_bsp_has_at_least_some_floor" classname="bsp_generator_extended_test" time="0.008">
		</testcase>
		<testcase name="test_bsp_has_walls" classname="bsp_generator_extended_test" time="0.006">
		</testcase>
		<testcase name="test_bsp_leaf_split_logic" classname="bsp_generator_extended_test" time="0.004">
		</testcase>
		<testcase name="test_bsp_leaf_too_small_not_split" classname="bsp_generator_extended_test" time="0.005">
		</testcase>
	</testsuite>
	<testsuite id="8" name="bsp_generator_test" package="tests/gdunit" timestamp="2026-07-04T16:58:57" hostname="localhost" tests="4" failures="0" errors="0" skipped="0" flaky="0" time="0.104">
		<testcase name="test_dungeon_size_match" classname="bsp_generator_test" time="0.017">
		</testcase>
		<testcase name="test_outermost_border_is_always_wall" classname="bsp_generator_test" time="0.019">
		</testcase>
		<testcase name="test_all_floor_tiles_are_connected" classname="bsp_generator_test" time="0.019">
		</testcase>
		<testcase name="test_ceiling_heights" classname="bsp_generator_test" time="0.028">
		</testcase>
	</testsuite>
	<testsuite id="9" name="character_panel_new_test" package="tests/gdunit" timestamp="2026-07-04T16:58:57" hostname="localhost" tests="4" failures="0" errors="0" skipped="0" flaky="0" time="0.075">
		<testcase name="test_character_panel_skills_loading" classname="character_panel_new_test" time="0.012">
		</testcase>
		<testcase name="test_character_panel_slots_inspection" classname="character_panel_new_test" time="0.013">
		</testcase>
		<testcase name="test_character_panel_own_world_3d" classname="character_panel_new_test" time="0.006">
		</testcase>
		<testcase name="test_ui_toggle_character_panel_first_time" classname="character_panel_new_test" time="0.025">
		</testcase>
	</testsuite>
	<testsuite id="10" name="chest_test" package="tests/gdunit" timestamp="2026-07-04T16:58:57" hostname="localhost" tests="5" failures="0" errors="0" skipped="0" flaky="0" time="0.042">
		<testcase name="test_chest_starts_closed" classname="chest_test" time="0.004">
		</testcase>
		<testcase name="test_chest_open_sets_opened" classname="chest_test" time="0.005">
		</testcase>
		<testcase name="test_chest_cannot_open_twice" classname="chest_test" time="0.006">
		</testcase>
		<testcase name="test_chest_collision_layers_are_reachable_by_player_rays" classname="chest_test" time="0.005">
		</testcase>
		<testcase name="test_slashing_dispatches_hits_to_damageable_props" classname="chest_test" time="0.005">
		</testcase>
	</testsuite>
	<testsuite id="11" name="combat_bridge_test" package="tests/gdunit" timestamp="2026-07-04T16:58:57" hostname="localhost" tests="22" failures="0" errors="0" skipped="0" flaky="0" time="0.186">
		<testcase name="test_build_player_attack_melee_one_hand" classname="combat_bridge_test" time="0.005">
		</testcase>
		<testcase name="test_build_player_attack_unarmed" classname="combat_bridge_test" time="0.005">
		</testcase>
		<testcase name="test_build_player_attack_two_hand" classname="combat_bridge_test" time="0.004">
		</testcase>
		<testcase name="test_build_player_attack_ranged_longbow" classname="combat_bridge_test" time="0.006">
		</testcase>
		<testcase name="test_build_player_attack_spell_wand" classname="combat_bridge_test" time="0.005">
		</testcase>
		<testcase name="test_build_player_attack_one_hand_shield" classname="combat_bridge_test" time="0.004">
		</testcase>
		<testcase name="test_build_player_attack_dual_wield" classname="combat_bridge_test" time="0.005">
		</testcase>
		<testcase name="test_build_player_attack_backstab_flag" classname="combat_bridge_test" time="0.005">
		</testcase>
		<testcase name="test_build_player_defender_no_shield" classname="combat_bridge_test" time="0.005">
		</testcase>
		<testcase name="test_build_player_defender_with_shield" classname="combat_bridge_test" time="0.008">
		</testcase>
		<testcase name="test_build_enemy_defender_no_shield" classname="combat_bridge_test" time="0.005">
		</testcase>
		<testcase name="test_build_enemy_defender_with_shield" classname="combat_bridge_test" time="0.004">
		</testcase>
		<testcase name="test_is_backstab_same_direction" classname="combat_bridge_test" time="0.005">
		</testcase>
		<testcase name="test_is_backstab_opposite_direction" classname="combat_bridge_test" time="0.004">
		</testcase>
		<testcase name="test_is_sideswipe_perpendicular" classname="combat_bridge_test" time="0.005">
		</testcase>
		<testcase name="test_is_sideswipe_parallel_not_sideswipe" classname="combat_bridge_test" time="0.004">
		</testcase>
		<testcase name="test_resolve_player_attack_returns_damage_result" classname="combat_bridge_test" time="0.006">
		</testcase>
		<testcase name="test_resolve_player_attack_knockback_direction_along_attacker_forward" classname="combat_bridge_test" time="0.006">
		</testcase>
		<testcase name="test_resolve_enemy_attack_returns_damage_result" classname="combat_bridge_test" time="0.007">
		</testcase>
		<testcase name="test_resolve_player_attack_unarmed_low_damage" classname="combat_bridge_test" time="0.006">
		</testcase>
		<testcase name="test_resolve_player_attack_with_shield_defender_can_block" classname="combat_bridge_test" time="0.008">
		</testcase>
		<testcase name="test_default_shield_constants" classname="combat_bridge_test" time="0.005">
		</testcase>
	</testsuite>
	<testsuite id="12" name="combat_engine_test" package="tests/gdunit" timestamp="2026-07-04T16:58:58" hostname="localhost" tests="41" failures="0" errors="0" skipped="0" flaky="0" time="0.388">
		<testcase name="test_max_hp_formula" classname="combat_engine_test" time="0.006">
		</testcase>
		<testcase name="test_physical_def_formula" classname="combat_engine_test" time="0.005">
		</testcase>
		<testcase name="test_carry_weight_formula" classname="combat_engine_test" time="0.005">
		</testcase>
		<testcase name="test_melee_flat_formula" classname="combat_engine_test" time="0.004">
		</testcase>
		<testcase name="test_ranged_flat_formula" classname="combat_engine_test" time="0.004">
		</testcase>
		<testcase name="test_spell_flat_formula" classname="combat_engine_test" time="0.005">
		</testcase>
		<testcase name="test_evade_rate_formula" classname="combat_engine_test" time="0.004">
		</testcase>
		<testcase name="test_style_unarmed_both_empty" classname="combat_engine_test" time="0.005">
		</testcase>
		<testcase name="test_style_one_hand" classname="combat_engine_test" time="0.007">
		</testcase>
		<testcase name="test_style_one_hand_shield" classname="combat_engine_test" time="0.004">
		</testcase>
		<testcase name="test_style_two_hand" classname="combat_engine_test" time="0.005">
		</testcase>
		<testcase name="test_style_dual_wield" classname="combat_engine_test" time="0.005">
		</testcase>
		<testcase name="test_two_hand_forbids_offhand" classname="combat_engine_test" time="0.005">
		</testcase>
		<testcase name="test_style_meta_has_required_fields" classname="combat_engine_test" time="0.007">
		</testcase>
		<testcase name="test_two_hand_style_evade_penalty" classname="combat_engine_test" time="0.005">
		</testcase>
		<testcase name="test_one_hand_style_bonuses" classname="combat_engine_test" time="0.005">
		</testcase>
		<testcase name="test_dual_wield_hit_penalty" classname="combat_engine_test" time="0.007">
		</testcase>
		<testcase name="test_resolve_attack_returns_result" classname="combat_engine_test" time="0.009">
		</testcase>
		<testcase name="test_resolve_attack_hit_rate_within_bounds" classname="combat_engine_test" time="0.011">
		</testcase>
		<testcase name="test_resolve_attack_low_hit_floor" classname="combat_engine_test" time="0.011">
		</testcase>
		<testcase name="test_resolve_attack_high_hit_cap" classname="combat_engine_test" time="0.015">
		</testcase>
		<testcase name="test_resolve_attack_miss_deals_zero_damage" classname="combat_engine_test" time="0.006">
		</testcase>
		<testcase name="test_resolve_attack_hit_deals_at_least_one_damage" classname="combat_engine_test" time="0.005">
		</testcase>
		<testcase name="test_resolve_attack_crit_increases_damage" classname="combat_engine_test" time="0.008">
		</testcase>
		<testcase name="test_resolve_attack_defense_reduces_damage" classname="combat_engine_test" time="0.011">
		</testcase>
		<testcase name="test_resolve_attack_block_reduces_damage" classname="combat_engine_test" time="0.007">
		</testcase>
		<testcase name="test_resolve_attack_backstab_increases_damage" classname="combat_engine_test" time="0.010">
		</testcase>
		<testcase name="test_resolve_attack_two_hand_knockback_force_doubled" classname="combat_engine_test" time="0.007">
		</testcase>
		<testcase name="test_resolve_attack_one_hand_knockback_basic_force" classname="combat_engine_test" time="0.007">
		</testcase>
		<testcase name="test_resolve_attack_knockback_direction_follows_attacker_facing" classname="combat_engine_test" time="0.005">
		</testcase>
		<testcase name="test_resolve_attack_crit_adds_stun_duration" classname="combat_engine_test" time="0.006">
		</testcase>
		<testcase name="test_resolve_attack_non_crit_no_stun" classname="combat_engine_test" time="0.005">
		</testcase>
		<testcase name="test_compute_attack_interval_two_hand_slower" classname="combat_engine_test" time="0.005">
		</testcase>
		<testcase name="test_compute_attack_interval_dual_wield_faster" classname="combat_engine_test" time="0.005">
		</testcase>
		<testcase name="test_compute_attack_interval_dex_increases_speed" classname="combat_engine_test" time="0.005">
		</testcase>
		<testcase name="test_compute_move_speed_style_modifiers" classname="combat_engine_test" time="0.005">
		</testcase>
		<testcase name="test_compute_move_speed_agility_bonus" classname="combat_engine_test" time="0.005">
		</testcase>
		<testcase name="test_no_tick_or_turn_based_fields_remain" classname="combat_engine_test" time="0.006">
		</testcase>
		<testcase name="test_accumulate_attr_exp_no_levelup" classname="combat_engine_test" time="0.005">
		</testcase>
		<testcase name="test_accumulate_attr_exp_levelup" classname="combat_engine_test" time="0.005">
		</testcase>
		<testcase name="test_accumulate_attr_exp_exact_threshold" classname="combat_engine_test" time="0.005">
		</testcase>
	</testsuite>
	<testsuite id="13" name="current_level_null_test" package="tests/gdunit" timestamp="2026-07-04T16:58:58" hostname="localhost" tests="4" failures="0" errors="0" skipped="0" flaky="0" time="0.037">
		<testcase name="test_current_level_starts_null" classname="current_level_null_test" time="0.005">
		</testcase>
		<testcase name="test_register_level_sets_current_level" classname="current_level_null_test" time="0.006">
		</testcase>
		<testcase name="test_register_level_clears_keys" classname="current_level_null_test" time="0.005">
		</testcase>
		<testcase name="test_accepts_node3d" classname="current_level_null_test" time="0.005">
		</testcase>
	</testsuite>
	<testsuite id="14" name="customer_scene_test" package="tests/gdunit" timestamp="2026-07-04T16:58:58" hostname="localhost" tests="18" failures="0" errors="0" skipped="0" flaky="0" time="0.162">
		<testcase name="test_perfect_lines_not_empty" classname="customer_scene_test" time="0.007">
		</testcase>
		<testcase name="test_satisfied_lines_not_empty" classname="customer_scene_test" time="0.007">
		</testcase>
		<testcase name="test_normal_lines_not_empty" classname="customer_scene_test" time="0.007">
		</testcase>
		<testcase name="test_refuse_lines_not_empty" classname="customer_scene_test" time="0.006">
		</testcase>
		<testcase name="test_human_cheap_lines_not_empty" classname="customer_scene_test" time="0.005">
		</testcase>
		<testcase name="test_human_normal_lines_not_empty" classname="customer_scene_test" time="0.006">
		</testcase>
		<testcase name="test_human_expensive_lines_not_empty" classname="customer_scene_test" time="0.005">
		</testcase>
		<testcase name="test_human_refuse_lines_not_empty" classname="customer_scene_test" time="0.005">
		</testcase>
		<testcase name="test_enter_lines_not_empty" classname="customer_scene_test" time="0.006">
		</testcase>
		<testcase name="test_all_chat_lines_are_strings" classname="customer_scene_test" time="0.006">
		</testcase>
		<testcase name="test_customer_default_move_speed" classname="customer_scene_test" time="0.006">
		</testcase>
		<testcase name="test_pickable_item_scene_exists" classname="customer_scene_test" time="0.006">
		</testcase>
		<testcase name="test_equiped_item_scene_exists" classname="customer_scene_test" time="0.005">
		</testcase>
		<testcase name="test_thrown_item_scene_exists" classname="customer_scene_test" time="0.006">
		</testcase>
		<testcase name="test_chest_scene_exists" classname="customer_scene_test" time="0.008">
		</testcase>
		<testcase name="test_spikes_trap_scene_exists" classname="customer_scene_test" time="0.006">
		</testcase>
		<testcase name="test_acid_trap_scene_exists" classname="customer_scene_test" time="0.006">
		</testcase>
		<testcase name="test_destructible_item_scene_exists" classname="customer_scene_test" time="0.007">
		</testcase>
	</testsuite>
	<testsuite id="15" name="customer_system_test" package="tests/gdunit" timestamp="2026-07-04T16:58:58" hostname="localhost" tests="14" failures="0" errors="0" skipped="0" flaky="0" time="0.127">
		<testcase name="test_customer_entity_scene_exists" classname="customer_system_test" time="0.004">
		</testcase>
		<testcase name="test_customer_spawner_script_exists" classname="customer_system_test" time="0.005">
		</testcase>
		<testcase name="test_customer_entity_scene_instantiable" classname="customer_system_test" time="0.005">
		</testcase>
		<testcase name="test_customer_entity_has_chat_label_after_ready" classname="customer_system_test" time="0.006">
		</testcase>
		<testcase name="test_customer_entity_assign_seat" classname="customer_system_test" time="0.005">
		</testcase>
		<testcase name="test_customer_entity_serve_returns_result" classname="customer_system_test" time="0.005">
		</testcase>
		<testcase name="test_customer_entity_human_refuse_line" classname="customer_system_test" time="0.005">
		</testcase>
		<testcase name="test_customer_entity_leave_state" classname="customer_system_test" time="0.006">
		</testcase>
		<testcase name="test_spawner_start_service_initializes" classname="customer_system_test" time="0.010">
		</testcase>
		<testcase name="test_spawner_stop_service_makes_customers_leave" classname="customer_system_test" time="0.005">
		</testcase>
		<testcase name="test_spawner_find_free_seat" classname="customer_system_test" time="0.008">
		</testcase>
		<testcase name="test_spawner_pick_race_by_visit_rate_returns_valid_race" classname="customer_system_test" time="0.008">
		</testcase>
		<testcase name="test_all_tier_lines_defined" classname="customer_system_test" time="0.004">
		</testcase>
		<testcase name="test_all_lines_are_chinese_strings" classname="customer_system_test" time="0.005">
		</testcase>
	</testsuite>
	<testsuite id="16" name="data_resources_test" package="tests/gdunit" timestamp="2026-07-04T16:58:58" hostname="localhost" tests="6" failures="0" errors="0" skipped="0" flaky="0" time="0.047">
		<testcase name="test_weapon_data_defaults" classname="data_resources_test" time="0.004">
		</testcase>
		<testcase name="test_weapon_get_damage_dealt_in_range" classname="data_resources_test" time="0.006">
		</testcase>
		<testcase name="test_weapon_decrease_condition_clamps" classname="data_resources_test" time="0.005">
		</testcase>
		<testcase name="test_shield_data_defaults" classname="data_resources_test" time="0.004">
		</testcase>
		<testcase name="test_shield_decrease_condition_clamps" classname="data_resources_test" time="0.004">
		</testcase>
		<testcase name="test_furniture_data_defaults" classname="data_resources_test" time="0.005">
		</testcase>
	</testsuite>
	<testsuite id="17" name="door_test" package="tests/gdunit" timestamp="2026-07-04T16:58:58" hostname="localhost" tests="4" failures="0" errors="0" skipped="0" flaky="0" time="0.031">
		<testcase name="test_key_color_none_is_zero" classname="door_test" time="0.004">
		</testcase>
		<testcase name="test_color_map_contains_all_non_none_keys" classname="door_test" time="0.004">
		</testcase>
		<testcase name="test_color_map_not_contains_none" classname="door_test" time="0.004">
		</testcase>
		<testcase name="test_color_map_values_are_colors" classname="door_test" time="0.005">
		</testcase>
	</testsuite>
	<testsuite id="18" name="dropped_key_test" package="tests/gdunit" timestamp="2026-07-04T16:58:58" hostname="localhost" tests="8" failures="0" errors="0" skipped="0" flaky="0" time="0.067">
		<testcase name="test_dropped_key_scene_exists" classname="dropped_key_test" time="0.005">
		</testcase>
		<testcase name="test_dropped_key_script_exists" classname="dropped_key_test" time="0.006">
		</testcase>
		<testcase name="test_key_color_enum_values" classname="dropped_key_test" time="0.004">
		</testcase>
		<testcase name="test_color_map_has_all_colors" classname="dropped_key_test" time="0.005">
		</testcase>
		<testcase name="test_color_map_colors_are_distinct" classname="dropped_key_test" time="0.005">
		</testcase>
		<testcase name="test_rotation_speed_constant" classname="dropped_key_test" time="0.009">
		</testcase>
		<testcase name="test_game_state_key_flow" classname="dropped_key_test" time="0.005">
		</testcase>
		<testcase name="test_game_state_can_hold_multiple_keys" classname="dropped_key_test" time="0.005">
		</testcase>
	</testsuite>
	<testsuite id="19" name="dungeon_interaction_test" package="tests/gdunit" timestamp="2026-07-04T16:58:58" hostname="localhost" tests="16" failures="0" errors="0" skipped="0" flaky="0" time="0.117">
		<testcase name="test_chest_script_exists" classname="dungeon_interaction_test" time="0.005">
		</testcase>
		<testcase name="test_chest_has_zone_export" classname="dungeon_interaction_test" time="0.004">
		</testcase>
		<testcase name="test_chest_open_chest_method" classname="dungeon_interaction_test" time="0.005">
		</testcase>
		<testcase name="test_procedural_dungeon_injects_zone_to_chest" classname="dungeon_interaction_test" time="0.005">
		</testcase>
		<testcase name="test_procedural_dungeon_has_extraction_portal" classname="dungeon_interaction_test" time="0.005">
		</testcase>
		<testcase name="test_extraction_triggers_tavern_return" classname="dungeon_interaction_test" time="0.005">
		</testcase>
		<testcase name="test_extraction_settles_loot" classname="dungeon_interaction_test" time="0.004">
		</testcase>
		<testcase name="test_pickable_item_exists" classname="dungeon_interaction_test" time="0.004">
		</testcase>
		<testcase name="test_pickable_item_has_weapon_data_field" classname="dungeon_interaction_test" time="0.004">
		</testcase>
		<testcase name="test_pickable_item_highlight_methods" classname="dungeon_interaction_test" time="0.004">
		</testcase>
		<testcase name="test_thrown_item_exists" classname="dungeon_interaction_test" time="0.005">
		</testcase>
		<testcase name="test_barrel_is_throwable" classname="dungeon_interaction_test" time="0.005">
		</testcase>
		<testcase name="test_enemy_impale_interface" classname="dungeon_interaction_test" time="0.004">
		</testcase>
		<testcase name="test_dungeon_spawner_registered" classname="dungeon_interaction_test" time="0.005">
		</testcase>
		<testcase name="test_procedural_dungeon_calls_spawner" classname="dungeon_interaction_test" time="0.004">
		</testcase>
		<testcase name="test_enemy_prefabs_exist" classname="dungeon_interaction_test" time="0.006">
		</testcase>
	</testsuite>
	<testsuite id="20" name="dungeon_spawner_test" package="tests/gdunit" timestamp="2026-07-04T16:58:59" hostname="localhost" tests="8" failures="0" errors="0" skipped="0" flaky="0" time="0.086">
		<testcase name="test_dungeon_spawner_autoload_registered" classname="dungeon_spawner_test" time="0.005">
		</testcase>
		<testcase name="test_zone_config_exists_for_all_4_zones" classname="dungeon_spawner_test" time="0.005">
		</testcase>
		<testcase name="test_forest_zone_goblin_dominant" classname="dungeon_spawner_test" time="0.005">
		</testcase>
		<testcase name="test_volcano_zone_kobold_only" classname="dungeon_spawner_test" time="0.005">
		</testcase>
		<testcase name="test_difficulty_scales_with_zone" classname="dungeon_spawner_test" time="0.007">
		</testcase>
		<testcase name="test_spawn_enemies_returns_array" classname="dungeon_spawner_test" time="0.012">
		</testcase>
		<testcase name="test_spawn_enemies_avoids_spawn_position" classname="dungeon_spawner_test" time="0.012">
		</testcase>
		<testcase name="test_pick_enemy_type_weighted" classname="dungeon_spawner_test" time="0.005">
		</testcase>
	</testsuite>
	<testsuite id="21" name="equipment_component_test" package="tests/gdunit" timestamp="2026-07-04T16:58:59" hostname="localhost" tests="10" failures="0" errors="0" skipped="0" flaky="0" time="0.085">
		<testcase name="test_equipment_component_script_exists" classname="equipment_component_test" time="0.004">
		</testcase>
		<testcase name="test_has_weapon_initially_false" classname="equipment_component_test" time="0.006">
		</testcase>
		<testcase name="test_has_shield_initially_false" classname="equipment_component_test" time="0.005">
		</testcase>
		<testcase name="test_has_furniture_initially_false" classname="equipment_component_test" time="0.006">
		</testcase>
		<testcase name="test_weapon_data_defaults" classname="equipment_component_test" time="0.005">
		</testcase>
		<testcase name="test_weapon_decrease_condition" classname="equipment_component_test" time="0.005">
		</testcase>
		<testcase name="test_weapon_decrease_below_zero_clamps" classname="equipment_component_test" time="0.005">
		</testcase>
		<testcase name="test_shield_data_defaults" classname="equipment_component_test" time="0.006">
		</testcase>
		<testcase name="test_shield_decrease_condition" classname="equipment_component_test" time="0.006">
		</testcase>
		<testcase name="test_furniture_data_defaults" classname="equipment_component_test" time="0.005">
		</testcase>
	</testsuite>
	<testsuite id="22" name="expedition_prompt_test" package="tests/gdunit" timestamp="2026-07-04T16:58:59" hostname="localhost" tests="9" failures="0" errors="0" skipped="0" flaky="0" time="0.095">
		<testcase name="test_expedition_prompt_scene_loads" classname="expedition_prompt_test" time="0.007">
		</testcase>
		<testcase name="test_expedition_prompt_has_ring_progress" classname="expedition_prompt_test" time="0.009">
		</testcase>
		<testcase name="test_expedition_prompt_has_depart_text" classname="expedition_prompt_test" time="0.009">
		</testcase>
		<testcase name="test_expedition_prompt_script_exists" classname="expedition_prompt_test" time="0.007">
		</testcase>
		<testcase name="test_expedition_prompt_uses_kick_input" classname="expedition_prompt_test" time="0.007">
		</testcase>
		<testcase name="test_expedition_prompt_routes_to_zone_select" classname="expedition_prompt_test" time="0.007">
		</testcase>
		<testcase name="test_main_menu_start_routes_to_tavern" classname="expedition_prompt_test" time="0.007">
		</testcase>
		<testcase name="test_tavern_manager_node_mounts_expedition_prompt" classname="expedition_prompt_test" time="0.006">
		</testcase>
		<testcase name="test_tavern_manager_node_day_phase_mounts_prompt" classname="expedition_prompt_test" time="0.005">
		</testcase>
	</testsuite>
	<testsuite id="23" name="extraction_loot_test" package="tests/gdunit" timestamp="2026-07-04T16:58:59" hostname="localhost" tests="10" failures="0" errors="0" skipped="0" flaky="0" time="0.097">
		<testcase name="test_game_state_has_carried_fields" classname="extraction_loot_test" time="0.009">
		</testcase>
		<testcase name="test_add_carried_material_accumulates" classname="extraction_loot_test" time="0.006">
		</testcase>
		<testcase name="test_add_carried_weapon_increments" classname="extraction_loot_test" time="0.006">
		</testcase>
		<testcase name="test_add_carried_shield_increments" classname="extraction_loot_test" time="0.006">
		</testcase>
		<testcase name="test_register_level_resets_carried" classname="extraction_loot_test" time="0.006">
		</testcase>
		<testcase name="test_player_state_picking_up_records_carried" classname="extraction_loot_test" time="0.005">
		</testcase>
		<testcase name="test_settle_extraction_loot_reads_game_state" classname="extraction_loot_test" time="0.005">
		</testcase>
		<testcase name="test_tavern_manager_has_record_expedition_loot" classname="extraction_loot_test" time="0.006">
		</testcase>
		<testcase name="test_tavern_manager_add_material_accumulates" classname="extraction_loot_test" time="0.005">
		</testcase>
		<testcase name="test_settle_extraction_loot_calls_record_expedition_loot" classname="extraction_loot_test" time="0.005">
		</testcase>
	</testsuite>
	<testsuite id="24" name="fermentation_system_test" package="tests/gdunit" timestamp="2026-07-04T16:58:59" hostname="localhost" tests="32" failures="0" errors="0" skipped="0" flaky="0" time="0.279">
		<testcase name="test_setup_kegs_creates_empty_kegs" classname="fermentation_system_test" time="0.006">
		</testcase>
		<testcase name="test_free_keg_count_initial" classname="fermentation_system_test" time="0.007">
		</testcase>
		<testcase name="test_expand_kegs_adds_capacity" classname="fermentation_system_test" time="0.005">
		</testcase>
		<testcase name="test_start_brewing_occupies_empty_keg" classname="fermentation_system_test" time="0.007">
		</testcase>
		<testcase name="test_start_brewing_returns_minus_one_when_no_free_keg" classname="fermentation_system_test" time="0.007">
		</testcase>
		<testcase name="test_start_brewing_computes_base_flavors" classname="fermentation_system_test" time="0.005">
		</testcase>
		<testcase name="test_start_brewing_matches_recipe" classname="fermentation_system_test" time="0.005">
		</testcase>
		<testcase name="test_start_brewing_no_recipe_for_custom_combo" classname="fermentation_system_test" time="0.005">
		</testcase>
		<testcase name="test_volcano_resonance_adds_warmth_spicy" classname="fermentation_system_test" time="0.005">
		</testcase>
		<testcase name="test_graveyard_resonance_adds_decayed" classname="fermentation_system_test" time="0.005">
		</testcase>
		<testcase name="test_forest_resonance_no_effect" classname="fermentation_system_test" time="0.005">
		</testcase>
		<testcase name="test_resonance_only_affects_fermenting_kegs" classname="fermentation_system_test" time="0.006">
		</testcase>
		<testcase name="test_resonance_does_not_affect_ready_kegs" classname="fermentation_system_test" time="0.005">
		</testcase>
		<testcase name="test_multiple_resonance_calls_accumulate" classname="fermentation_system_test" time="0.004">
		</testcase>
		<testcase name="test_advance_day_fermenting_to_ready" classname="fermentation_system_test" time="0.005">
		</testcase>
		<testcase name="test_advance_day_finalizes_flavors_with_resonance" classname="fermentation_system_test" time="0.006">
		</testcase>
		<testcase name="test_advance_day_aging_increments_flavors" classname="fermentation_system_test" time="0.006">
		</testcase>
		<testcase name="test_advance_day_aging_caps_at_3_days" classname="fermentation_system_test" time="0.005">
		</testcase>
		<testcase name="test_aged_keg_does_not_increase_on_advance" classname="fermentation_system_test" time="0.005">
		</testcase>
		<testcase name="test_open_keg_returns_final_flavors" classname="fermentation_system_test" time="0.007">
		</testcase>
		<testcase name="test_open_keg_clears_keg_to_empty" classname="fermentation_system_test" time="0.005">
		</testcase>
		<testcase name="test_open_keg_returns_empty_for_fermenting" classname="fermentation_system_test" time="0.006">
		</testcase>
		<testcase name="test_open_keg_returns_empty_for_empty_keg" classname="fermentation_system_test" time="0.005">
		</testcase>
		<testcase name="test_open_keg_includes_recipe_id_if_matched" classname="fermentation_system_test" time="0.004">
		</testcase>
		<testcase name="test_open_aging_keg_returns_current_flavors" classname="fermentation_system_test" time="0.005">
		</testcase>
		<testcase name="test_seal_for_aging_only_from_ready" classname="fermentation_system_test" time="0.008">
		</testcase>
		<testcase name="test_seal_for_aging_resets_aging_days" classname="fermentation_system_test" time="0.005">
		</testcase>
		<testcase name="test_get_keg_status_text" classname="fermentation_system_test" time="0.006">
		</testcase>
		<testcase name="test_get_openable_kegs" classname="fermentation_system_test" time="0.006">
		</testcase>
		<testcase name="test_get_fermenting_kegs" classname="fermentation_system_test" time="0.005">
		</testcase>
		<testcase name="test_full_day_cycle_brew_ferment_resonance_open" classname="fermentation_system_test" time="0.005">
		</testcase>
		<testcase name="test_aging_vs_turnover_tradeoff" classname="fermentation_system_test" time="0.005">
		</testcase>
	</testsuite>
	<testsuite id="25" name="full_flow_integration_test" package="tests/gdunit" timestamp="2026-07-04T16:58:59" hostname="localhost" tests="9" failures="1" errors="0" skipped="0" flaky="0" time="0.034">
		<testcase name="test_zone_select_sets_zone_manager" classname="full_flow_integration_test" time="0.012">
		</testcase>
		<testcase name="test_main_menu_routes_to_zone_select" classname="full_flow_integration_test" time="0.006">
			<failure message="FAILED: res://tests/gdunit/full_flow_integration_test.gd:31" type="FAILURE">
<![CDATA[
main_menu 未跳转到区域选择界面
	at 'test_main_menu_routes_to_zone_select' in res://tests/gdunit/full_flow_integration_test.gd:31
]]>
			</failure>
		</testcase>
	</testsuite>
	<testsuite id="26" name="game_events_autoload_test" package="tests/gdunit" timestamp="2026-07-04T16:58:59" hostname="localhost" tests="8" failures="0" errors="0" skipped="0" flaky="0" time="0.075">
		<testcase name="test_game_events_script_exists" classname="game_events_autoload_test" time="0.007">
		</testcase>
		<testcase name="test_impact_intensity_enum" classname="game_events_autoload_test" time="0.006">
		</testcase>
		<testcase name="test_game_events_has_core_signals" classname="game_events_autoload_test" time="0.006">
		</testcase>
		<testcase name="test_autoloads_exist" classname="game_events_autoload_test" time="0.005">
		</testcase>
		<testcase name="test_audio_manager_autoload_exists" classname="game_events_autoload_test" time="0.005">
		</testcase>
		<testcase name="test_fx_helper_autoload_exists" classname="game_events_autoload_test" time="0.005">
		</testcase>
		<testcase name="test_hit_stop_server_autoload_exists" classname="game_events_autoload_test" time="0.004">
		</testcase>
		<testcase name="test_localization_manager_autoload_exists" classname="game_events_autoload_test" time="0.007">
		</testcase>
	</testsuite>
	<testsuite id="27" name="game_state_test" package="tests/gdunit" timestamp="2026-07-04T16:58:59" hostname="localhost" tests="5" failures="0" errors="0" skipped="0" flaky="0" time="0.044">
		<testcase name="test_has_key_returns_false_initially" classname="game_state_test" time="0.005">
		</testcase>
		<testcase name="test_obtain_key_sets_true" classname="game_state_test" time="0.005">
		</testcase>
		<testcase name="test_use_key_sets_false" classname="game_state_test" time="0.006">
		</testcase>
		<testcase name="test_use_unobtained_key_does_not_error" classname="game_state_test" time="0.005">
		</testcase>
		<testcase name="test_register_level_clears_keys" classname="game_state_test" time="0.005">
		</testcase>
	</testsuite>
	<testsuite id="28" name="grab_charge_test" package="tests/gdunit" timestamp="2026-07-04T16:58:59" hostname="localhost" tests="17" failures="0" errors="0" skipped="0" flaky="0" time="0.152">
		<testcase name="test_player_has_grabbing_state" classname="grab_charge_test" time="0.006">
		</testcase>
		<testcase name="test_player_has_charging_state" classname="grab_charge_test" time="0.005">
		</testcase>
		<testcase name="test_state_map_registers_grabbing" classname="grab_charge_test" time="0.005">
		</testcase>
		<testcase name="test_state_map_registers_charging" classname="grab_charge_test" time="0.005">
		</testcase>
		<testcase name="test_grabbing_state_script_exists" classname="grab_charge_test" time="0.006">
		</testcase>
		<testcase name="test_charging_state_script_exists" classname="grab_charge_test" time="0.005">
		</testcase>
		<testcase name="test_grabbing_state_has_class_name" classname="grab_charge_test" time="0.005">
		</testcase>
		<testcase name="test_charging_state_has_class_name" classname="grab_charge_test" time="0.005">
		</testcase>
		<testcase name="test_charge_requires_run_input" classname="grab_charge_test" time="0.006">
		</testcase>
		<testcase name="test_grab_uses_kick_raycast_enemy" classname="grab_charge_test" time="0.004">
		</testcase>
		<testcase name="test_grabbing_throws_on_action_input" classname="grab_charge_test" time="0.005">
		</testcase>
		<testcase name="test_grabbing_cancels_on_use_input" classname="grab_charge_test" time="0.006">
		</testcase>
		<testcase name="test_charging_locks_direction" classname="grab_charge_test" time="0.005">
		</testcase>
		<testcase name="test_charging_has_time_limit" classname="grab_charge_test" time="0.006">
		</testcase>
		<testcase name="test_charging_deals_damage_on_collision" classname="grab_charge_test" time="0.008">
		</testcase>
		<testcase name="test_charging_has_superarmor" classname="grab_charge_test" time="0.005">
		</testcase>
		<testcase name="test_player_state_data_has_grabbed_enemy" classname="grab_charge_test" time="0.007">
		</testcase>
	</testsuite>
	<testsuite id="29" name="health_component_test" package="tests/gdunit" timestamp="2026-07-04T16:59:00" hostname="localhost" tests="5" failures="0" errors="0" skipped="0" flaky="0" time="0.055">
		<testcase name="test_health_initial_state" classname="health_component_test" time="0.008">
		</testcase>
		<testcase name="test_take_damage_reduces_life" classname="health_component_test" time="0.007">
		</testcase>
		<testcase name="test_take_damage_clamps_to_zero" classname="health_component_test" time="0.005">
		</testcase>
		<testcase name="test_take_damage_does_not_exceed_max" classname="health_component_test" time="0.005">
		</testcase>
		<testcase name="test_is_dead_at_zero" classname="health_component_test" time="0.006">
		</testcase>
	</testsuite>
	<testsuite id="30" name="localization_manager_test" package="tests/gdunit" timestamp="2026-07-04T16:59:00" hostname="localhost" tests="11" failures="0" errors="0" skipped="0" flaky="0" time="0.098">
		<testcase name="test_csv_file_exists" classname="localization_manager_test" time="0.005">
		</testcase>
		<testcase name="test_parse_csv_line_simple" classname="localization_manager_test" time="0.006">
		</testcase>
		<testcase name="test_parse_csv_line_quoted" classname="localization_manager_test" time="0.006">
		</testcase>
		<testcase name="test_parse_csv_line_escaped_quote" classname="localization_manager_test" time="0.006">
		</testcase>
		<testcase name="test_parse_csv_line_leading_trailing_spaces" classname="localization_manager_test" time="0.006">
		</testcase>
		<testcase name="test_parse_csv_line_empty_fields" classname="localization_manager_test" time="0.006">
		</testcase>
		<testcase name="test_locale_loaded" classname="localization_manager_test" time="0.006">
		</testcase>
		<testcase name="test_key_translation_exists" classname="localization_manager_test" time="0.006">
		</testcase>
		<testcase name="test_chinese_translation_works" classname="localization_manager_test" time="0.005">
		</testcase>
		<testcase name="test_unknown_key_returns_original" classname="localization_manager_test" time="0.005">
		</testcase>
		<testcase name="test_csv_key_count" classname="localization_manager_test" time="0.006">
		</testcase>
	</testsuite>
	<testsuite id="31" name="localization_test" package="tests/gdunit" timestamp="2026-07-04T16:59:00" hostname="localhost" tests="4" failures="0" errors="0" skipped="0" flaky="0" time="0.033">
		<testcase name="test_localization_loaded" classname="localization_test" time="0.005">
		</testcase>
		<testcase name="test_localization_has_english_locale" classname="localization_test" time="0.005">
		</testcase>
		<testcase name="test_localization_has_chinese_locale" classname="localization_test" time="0.005">
		</testcase>
		<testcase name="test_localization_csv_exists" classname="localization_test" time="0.005">
		</testcase>
	</testsuite>
	<testsuite id="32" name="loot_table_test" package="tests/gdunit" timestamp="2026-07-04T16:59:00" hostname="localhost" tests="15" failures="0" errors="0" skipped="0" flaky="0" time="0.145">
		<testcase name="test_roll_weapon_returns_valid_structure" classname="loot_table_test" time="0.005">
		</testcase>
		<testcase name="test_roll_weapon_id_from_weapon_registry" classname="loot_table_test" time="0.006">
		</testcase>
		<testcase name="test_roll_weapon_tier_index_in_valid_range" classname="loot_table_test" time="0.007">
		</testcase>
		<testcase name="test_tier_weights_distribution_approximate" classname="loot_table_test" time="0.010">
		</testcase>
		<testcase name="test_roll_materials_count_in_range" classname="loot_table_test" time="0.006">
		</testcase>
		<testcase name="test_roll_materials_ids_are_valid" classname="loot_table_test" time="0.007">
		</testcase>
		<testcase name="test_roll_materials_no_old_fictional_ids" classname="loot_table_test" time="0.009">
		</testcase>
		<testcase name="test_zone_material_weights_all_valid" classname="loot_table_test" time="0.005">
		</testcase>
		<testcase name="test_rare_cross_zone_materials_all_valid" classname="loot_table_test" time="0.005">
		</testcase>
		<testcase name="test_material_entry_has_name" classname="loot_table_test" time="0.005">
		</testcase>
		<testcase name="test_generate_loot_returns_weapon_and_materials" classname="loot_table_test" time="0.005">
		</testcase>
		<testcase name="test_generate_loot_materials_match_zone_mostly" classname="loot_table_test" time="0.006">
		</testcase>
		<testcase name="test_chest_script_uses_loot_table" classname="loot_table_test" time="0.006">
		</testcase>
		<testcase name="test_chest_has_zone_export" classname="loot_table_test" time="0.004">
		</testcase>
		<testcase name="test_procedural_dungeon_injects_zone_to_chest" classname="loot_table_test" time="0.005">
		</testcase>
	</testsuite>
	<testsuite id="33" name="main_camera_test" package="tests/gdunit" timestamp="2026-07-04T16:59:00" hostname="localhost" tests="5" failures="0" errors="0" skipped="0" flaky="0" time="0.046">
		<testcase name="test_main_camera_script_exists" classname="main_camera_test" time="0.004">
		</testcase>
		<testcase name="test_impact_duration_mapping" classname="main_camera_test" time="0.006">
		</testcase>
		<testcase name="test_impact_intensity_mapping" classname="main_camera_test" time="0.007">
		</testcase>
		<testcase name="test_initial_not_shaking" classname="main_camera_test" time="0.005">
		</testcase>
		<testcase name="test_low_impact_has_lowest_values" classname="main_camera_test" time="0.005">
		</testcase>
	</testsuite>
	<testsuite id="34" name="main_menu_lang_test" package="tests/gdunit" timestamp="2026-07-04T16:59:00" hostname="localhost" tests="5" failures="1" errors="4" skipped="0" flaky="0" time="0.114">
		<testcase name="test_lang_btn_exists" classname="main_menu_lang_test" time="0.011">
			<error message="ERROR: res://tests/gdunit/main_menu_lang_test.gd:19" type="ABORT">
<![CDATA[
Godot Runtime Error !
  'Invalid access to property or key 'lang_btn' on a base object of type 'Control (MainMenu)'.'
	at 'test_lang_btn_exists' in res://tests/gdunit/main_menu_lang_test.gd:19
]]>
			</error>
		</testcase>
		<testcase name="test_lang_btn_connected" classname="main_menu_lang_test" time="0.009">
			<error message="ERROR: res://tests/gdunit/main_menu_lang_test.gd:24" type="ABORT">
<![CDATA[
Godot Runtime Error !
  'Invalid access to property or key '_on_lang_toggle_pressed' on a base object of type 'Control (MainMenu)'.'
	at 'test_lang_btn_connected' in res://tests/gdunit/main_menu_lang_test.gd:24
]]>
			</error>
		</testcase>
		<testcase name="test_lang_btn_initially_shows_current_locale" classname="main_menu_lang_test" time="0.011">
			<error message="ERROR: res://tests/gdunit/main_menu_lang_test.gd:30" type="ABORT">
<![CDATA[
Godot Runtime Error !
  'Invalid access to property or key 'lang_btn' on a base object of type 'Control (MainMenu)'.'
	at 'test_lang_btn_initially_shows_current_locale' in res://tests/gdunit/main_menu_lang_test.gd:30
]]>
			</error>
		</testcase>
		<testcase name="test_toggle_switches_to_chinese" classname="main_menu_lang_test" time="0.010">
			<error message="ERROR: res://tests/gdunit/main_menu_lang_test.gd:37" type="ABORT">
<![CDATA[
Godot Runtime Error !
  'Invalid call. Nonexistent function '_on_lang_toggle_pressed' in base 'Control (MainMenu)'.'
	at 'test_toggle_switches_to_chinese' in res://tests/gdunit/main_menu_lang_test.gd:37
]]>
			</error>
		</testcase>
		<testcase name="test_toggle_back_to_english_resets_text" classname="main_menu_lang_test" time="0.022">
			<failure message="FAILED: res://tests/gdunit/main_menu_lang_test.gd:51" type="FAILURE">
<![CDATA[
Expecting:
 '[S]tart Game'
 do contains
 'Start'
	at 'test_toggle_back_to_english_resets_text' in res://tests/gdunit/main_menu_lang_test.gd:51
]]>
			</failure>
		</testcase>
	</testsuite>
	<testsuite id="35" name="main_menu_test" package="tests/gdunit" timestamp="2026-07-04T16:59:00" hostname="localhost" tests="4" failures="0" errors="0" skipped="0" flaky="0" time="0.048">
		<testcase name="test_start_game_scene_exists" classname="main_menu_test" time="0.006">
		</testcase>
		<testcase name="test_continue_scene_exists" classname="main_menu_test" time="0.008">
		</testcase>
		<testcase name="test_gallery_scene_exists" classname="main_menu_test" time="0.009">
		</testcase>
		<testcase name="test_settings_scene_exists" classname="main_menu_test" time="0.008">
		</testcase>
	</testsuite>
	<testsuite id="36" name="milestone_effects_test" package="tests/gdunit" timestamp="2026-07-04T16:59:00" hostname="localhost" tests="38" failures="0" errors="0" skipped="0" flaky="0" time="0.361">
		<testcase name="test_thick_skin_not_unlocked_no_change" classname="milestone_effects_test" time="0.006">
		</testcase>
		<testcase name="test_thick_skin_unlocked_reduces_2" classname="milestone_effects_test" time="0.006">
		</testcase>
		<testcase name="test_thick_skin_floor_1" classname="milestone_effects_test" time="0.008">
		</testcase>
		<testcase name="test_elemental_aegis_not_spell_no_change" classname="milestone_effects_test" time="0.007">
		</testcase>
		<testcase name="test_elemental_aegis_spell_reduces_4" classname="milestone_effects_test" time="0.006">
		</testcase>
		<testcase name="test_elemental_aegis_floor_1" classname="milestone_effects_test" time="0.007">
		</testcase>
		<testcase name="test_sidestep_not_melee_never_triggers" classname="milestone_effects_test" time="0.008">
		</testcase>
		<testcase name="test_sidestep_not_unlocked_never_triggers" classname="milestone_effects_test" time="0.010">
		</testcase>
		<testcase name="test_sidestep_unlocked_can_trigger" classname="milestone_effects_test" time="0.007">
		</testcase>
		<testcase name="test_negate_flank_bonus_not_unlocked" classname="milestone_effects_test" time="0.006">
		</testcase>
		<testcase name="test_negate_flank_bonus_unlocked" classname="milestone_effects_test" time="0.006">
		</testcase>
		<testcase name="test_heavy_stride_not_melee_no_change" classname="milestone_effects_test" time="0.006">
		</testcase>
		<testcase name="test_heavy_stride_unlocked_melee_5pct" classname="milestone_effects_test" time="0.005">
		</testcase>
		<testcase name="test_sharpshooter_not_ranged_no_change" classname="milestone_effects_test" time="0.005">
		</testcase>
		<testcase name="test_sharpshooter_unlocked_ranged_plus_10" classname="milestone_effects_test" time="0.006">
		</testcase>
		<testcase name="test_penetrating_strike_not_ranged_no_change" classname="milestone_effects_test" time="0.009">
		</testcase>
		<testcase name="test_penetrating_strike_unlocked_ranged_10pct" classname="milestone_effects_test" time="0.008">
		</testcase>
		<testcase name="test_penetrating_strike_keeps_higher_value" classname="milestone_effects_test" time="0.007">
		</testcase>
		<testcase name="test_knockback_chance_not_melee_never" classname="milestone_effects_test" time="0.007">
		</testcase>
		<testcase name="test_knockback_chance_not_unlocked_never" classname="milestone_effects_test" time="0.007">
		</testcase>
		<testcase name="test_knockback_chance_unlocked_can_trigger" classname="milestone_effects_test" time="0.008">
		</testcase>
		<testcase name="test_knockback_chance_value_is_1_5_meters" classname="milestone_effects_test" time="0.005">
		</testcase>
		<testcase name="test_mana_surge_crit_not_spell_no_change" classname="milestone_effects_test" time="0.005">
		</testcase>
		<testcase name="test_mana_surge_crit_unlocked_spell_plus_8" classname="milestone_effects_test" time="0.005">
		</testcase>
		<testcase name="test_mana_focus_cd_reset_not_spell_never" classname="milestone_effects_test" time="0.007">
		</testcase>
		<testcase name="test_mana_focus_cd_reset_unlocked_can_trigger" classname="milestone_effects_test" time="0.005">
		</testcase>
		<testcase name="test_move_speed_multiplier_base" classname="milestone_effects_test" time="0.006">
		</testcase>
		<testcase name="test_move_speed_multiplier_with_fleet_foot" classname="milestone_effects_test" time="0.005">
		</testcase>
		<testcase name="test_inn_rest_extra_heal_not_unlocked" classname="milestone_effects_test" time="0.005">
		</testcase>
		<testcase name="test_inn_rest_extra_heal_unlocked_25pct" classname="milestone_effects_test" time="0.005">
		</testcase>
		<testcase name="test_inn_rest_extra_heal_rounding" classname="milestone_effects_test" time="0.006">
		</testcase>
		<testcase name="test_alertness_bonus_not_unlocked" classname="milestone_effects_test" time="0.005">
		</testcase>
		<testcase name="test_alertness_bonus_unlocked" classname="milestone_effects_test" time="0.006">
		</testcase>
		<testcase name="test_crit_rate_bonus_not_unlocked" classname="milestone_effects_test" time="0.006">
		</testcase>
		<testcase name="test_crit_rate_bonus_unlocked" classname="milestone_effects_test" time="0.006">
		</testcase>
		<testcase name="test_two_hand_damage_mult_bonus_not_two_hand" classname="milestone_effects_test" time="0.005">
		</testcase>
		<testcase name="test_two_hand_damage_mult_bonus_not_unlocked" classname="milestone_effects_test" time="0.005">
		</testcase>
		<testcase name="test_two_hand_damage_mult_bonus_unlocked" classname="milestone_effects_test" time="0.005">
		</testcase>
	</testsuite>
	<testsuite id="37" name="pause_menu_test" package="tests/gdunit" timestamp="2026-07-04T16:59:00" hostname="localhost" tests="3" failures="0" errors="0" skipped="0" flaky="0" time="0.034">
		<testcase name="test_default_is_paused_false" classname="pause_menu_test" time="0.006">
		</testcase>
		<testcase name="test_pause_sets_is_paused_true" classname="pause_menu_test" time="0.005">
		</testcase>
		<testcase name="test_resume_clears_is_paused" classname="pause_menu_test" time="0.006">
		</testcase>
	</testsuite>
	<testsuite id="38" name="physics_setup_test" package="tests/gdunit" timestamp="2026-07-04T16:59:01" hostname="localhost" tests="11" failures="0" errors="0" skipped="0" flaky="0" time="0.095">
		<testcase name="test_physics_setup_autoload_registered" classname="physics_setup_test" time="0.005">
		</testcase>
		<testcase name="test_layer_constants_correct" classname="physics_setup_test" time="0.005">
		</testcase>
		<testcase name="test_mask_combinations" classname="physics_setup_test" time="0.005">
		</testcase>
		<testcase name="test_get_layer_name" classname="physics_setup_test" time="0.006">
		</testcase>
		<testcase name="test_add_box_collision_creates_static_body" classname="physics_setup_test" time="0.005">
		</testcase>
		<testcase name="test_add_static_collision_from_mesh" classname="physics_setup_test" time="0.005">
		</testcase>
		<testcase name="test_setup_rigidbody_sets_layer" classname="physics_setup_test" time="0.005">
		</testcase>
		<testcase name="test_tavern_structure_has_pillar_collision" classname="physics_setup_test" time="0.005">
		</testcase>
		<testcase name="test_tavern_structure_has_bar_counter_collision" classname="physics_setup_test" time="0.005">
		</testcase>
		<testcase name="test_procedural_dungeon_ensures_collision_on_decor" classname="physics_setup_test" time="0.007">
		</testcase>
		<testcase name="test_procedural_dungeon_spawn_prefab_ensures_collision" classname="physics_setup_test" time="0.006">
		</testcase>
	</testsuite>
	<testsuite id="39" name="pickable_item_collection_test" package="tests/gdunit" timestamp="2026-07-04T16:59:01" hostname="localhost" tests="8" failures="0" errors="0" skipped="0" flaky="0" time="0.079">
		<testcase name="test_pickable_item_script_exists" classname="pickable_item_collection_test" time="0.006">
		</testcase>
		<testcase name="test_pickable_item_scene_exists" classname="pickable_item_collection_test" time="0.006">
		</testcase>
		<testcase name="test_pickable_item_has_material_id_property" classname="pickable_item_collection_test" time="0.004">
		</testcase>
		<testcase name="test_pickable_item_material_no_old_fictional_ids" classname="pickable_item_collection_test" time="0.006">
		</testcase>
		<testcase name="test_pickable_item_material_colors_match_brew_data" classname="pickable_item_collection_test" time="0.006">
		</testcase>
		<testcase name="test_tavern_manager_add_material_works" classname="pickable_item_collection_test" time="0.005">
		</testcase>
		<testcase name="test_expedition_hud_add_material_routes_to_tavern_manager" classname="pickable_item_collection_test" time="0.011">
		</testcase>
		<testcase name="test_procedural_dungeon_spawns_pickable_items" classname="pickable_item_collection_test" time="0.005">
		</testcase>
	</testsuite>
	<testsuite id="40" name="player_milestone_integration_test" package="tests/gdunit" timestamp="2026-07-04T16:59:01" hostname="localhost" tests="20" failures="0" errors="0" skipped="0" flaky="0" time="0.182">
		<testcase name="test_attr_panel_autoload_available" classname="player_milestone_integration_test" time="0.005">
		</testcase>
		<testcase name="test_thick_skin_reduces_hurt_damage" classname="player_milestone_integration_test" time="0.006">
		</testcase>
		<testcase name="test_sidestep_can_fully_dodge" classname="player_milestone_integration_test" time="0.006">
		</testcase>
		<testcase name="test_sidestep_not_melee_never_dodges" classname="player_milestone_integration_test" time="0.006">
		</testcase>
		<testcase name="test_move_speed_mult_base_no_bonus" classname="player_milestone_integration_test" time="0.006">
		</testcase>
		<testcase name="test_move_speed_mult_with_fleet_foot" classname="player_milestone_integration_test" time="0.006">
		</testcase>
		<testcase name="test_attr_panel_provides_attrs_for_combat_bridge" classname="player_milestone_integration_test" time="0.005">
		</testcase>
		<testcase name="test_hit_accumulates_str_exp_for_melee" classname="player_milestone_integration_test" time="0.005">
		</testcase>
		<testcase name="test_hit_accumulates_proficiency" classname="player_milestone_integration_test" time="0.006">
		</testcase>
		<testcase name="test_skill_unlock_triggers_on_threshold" classname="player_milestone_integration_test" time="0.006">
		</testcase>
		<testcase name="test_negate_flank_bonus_when_unlocked" classname="player_milestone_integration_test" time="0.005">
		</testcase>
		<testcase name="test_negate_flank_bonus_not_unlocked" classname="player_milestone_integration_test" time="0.004">
		</testcase>
		<testcase name="test_knockback_chance_adds_force" classname="player_milestone_integration_test" time="0.006">
		</testcase>
		<testcase name="test_heavy_stride_melee_damage_boost" classname="player_milestone_integration_test" time="0.005">
		</testcase>
		<testcase name="test_defense_exp_accumulation_on_hit" classname="player_milestone_integration_test" time="0.005">
		</testcase>
		<testcase name="test_max_hp_includes_fortitude" classname="player_milestone_integration_test" time="0.005">
		</testcase>
		<testcase name="test_evade_rate_includes_elusive" classname="player_milestone_integration_test" time="0.005">
		</testcase>
		<testcase name="test_crit_rate_includes_find_weakness" classname="player_milestone_integration_test" time="0.006">
		</testcase>
		<testcase name="test_full_chain_str_milestone_unlocks_and_heavy_stride_active" classname="player_milestone_integration_test" time="0.009">
		</testcase>
		<testcase name="test_full_chain_agi_milestone_unlocks_and_fleet_foot_active" classname="player_milestone_integration_test" time="0.006">
		</testcase>
	</testsuite>
	<testsuite id="41" name="procedural_dungeon_test" package="tests/gdunit" timestamp="2026-07-04T16:59:01" hostname="localhost" tests="3" failures="0" errors="1" skipped="0" flaky="0" time="0.254">
		<testcase name="test_dungeon_inheritance" classname="procedural_dungeon_test" time="0.007">
		</testcase>
		<testcase name="test_dungeon_ready_flow" classname="procedural_dungeon_test" time="0.119">
		</testcase>
		<testcase name="test_dungeon_materials" classname="procedural_dungeon_test" time="0.107">
			<error message="ERROR: res://tests/gdunit/procedural_dungeon_test.gd:50" type="ABORT">
<![CDATA[
Godot Runtime Error !
  'Invalid call. Nonexistent function 'get_zone_texture' in base 'Node3D (ProceduralDungeon)'.'
	at 'test_dungeon_materials' in res://tests/gdunit/procedural_dungeon_test.gd:50
]]>
			</error>
		</testcase>
	</testsuite>
	<testsuite id="42" name="props_traps_test" package="tests/gdunit" timestamp="2026-07-04T16:59:01" hostname="localhost" tests="11" failures="0" errors="0" skipped="0" flaky="0" time="0.130">
		<testcase name="test_door_keycolor_none_is_zero" classname="props_traps_test" time="0.007">
		</testcase>
		<testcase name="test_door_color_map_contains_all_non_none_keys" classname="props_traps_test" time="0.006">
		</testcase>
		<testcase name="test_door_color_map_does_not_contain_none" classname="props_traps_test" time="0.006">
		</testcase>
		<testcase name="test_door_color_map_values_are_colors" classname="props_traps_test" time="0.006">
		</testcase>
		<testcase name="test_door_color_map_blue_is_dark_blue" classname="props_traps_test" time="0.008">
		</testcase>
		<testcase name="test_door_color_map_red_is_dark_red" classname="props_traps_test" time="0.007">
		</testcase>
		<testcase name="test_chest_starts_closed" classname="props_traps_test" time="0.008">
		</testcase>
		<testcase name="test_chest_open_sets_opened" classname="props_traps_test" time="0.011">
		</testcase>
		<testcase name="test_chest_double_open_does_not_error" classname="props_traps_test" time="0.010">
		</testcase>
		<testcase name="test_spikes_trap_class_exists" classname="props_traps_test" time="0.009">
		</testcase>
		<testcase name="test_acid_trap_class_exists" classname="props_traps_test" time="0.008">
		</testcase>
	</testsuite>
	<testsuite id="43" name="prop_distributor_test" package="tests/gdunit" timestamp="2026-07-04T16:59:01" hostname="localhost" tests="10" failures="0" errors="0" skipped="0" flaky="0" time="0.116">
		<testcase name="test_poisson_generates_points" classname="prop_distributor_test" time="0.009">
		</testcase>
		<testcase name="test_poisson_min_distance_respected" classname="prop_distributor_test" time="0.019">
		</testcase>
		<testcase name="test_poisson_empty_room_returns_empty" classname="prop_distributor_test" time="0.006">
		</testcase>
		<testcase name="test_get_grid_index" classname="prop_distributor_test" time="0.006">
		</testcase>
		<testcase name="test_is_point_valid_out_of_bounds_returns_false" classname="prop_distributor_test" time="0.006">
		</testcase>
		<testcase name="test_solve_prop_distribution_empty_rooms" classname="prop_distributor_test" time="0.006">
		</testcase>
		<testcase name="test_solve_prop_distribution_single_room" classname="prop_distributor_test" time="0.006">
		</testcase>
		<testcase name="test_solve_prop_distribution_linear_rooms" classname="prop_distributor_test" time="0.006">
		</testcase>
		<testcase name="test_generate_tavern_layout" classname="prop_distributor_test" time="0.006">
		</testcase>
		<testcase name="test_tavern_layout_tables_have_stools" classname="prop_distributor_test" time="0.006">
		</testcase>
	</testsuite>
	<testsuite id="44" name="scene_smoke_test" package="tests/gdunit" timestamp="2026-07-04T16:59:01" hostname="localhost" tests="1" failures="1" errors="0" skipped="0" flaky="0" time="0.203">
		<testcase name="test_all_scenes_instantiate_without_errors" classname="scene_smoke_test" time="0.194">
			<failure message="FAILED: res://tests/gdunit/scene_smoke_test.gd:62" type="FAILURE">
<![CDATA[
以下场景实例化时触发脚本错误（属性/节点/信号误用等），请修复后再提交:
res://scenes/ui/ui.tscn:
  -> Method/function failed. Returning: Ref<Resource>()
  -> Method/function failed. Returning: Ref<Resource>()
  -> Method/function failed. Returning: Ref<Resource>()
  -> Method/function failed. Returning: Ref<Resource>()
  -> res://scenes/ui/ui.tscn:36 - Parse Error: [ext_resource] referenced non-existent resource at: res://assets/textures/cursor.png.
  -> res://scenes/ui/ui.tscn:56 - Parse Error: [ext_resource] referenced non-existent resource at: res://assets/textures/icons/icon-heart.png.
  -> res://scenes/ui/ui.tscn:76 - Parse Error: [ext_resource] referenced non-existent resource at: res://assets/textures/icons/icon-weapon.png.
  -> res://scenes/ui/ui.tscn:101 - Parse Error: [ext_resource] referenced non-existent resource at: res://assets/textures/icons/icon-shield.png.


	at 'test_all_scenes_instantiate_without_errors' in res://tests/gdunit/scene_smoke_test.gd:62
]]>
			</failure>
		</testcase>
	</testsuite>
	<testsuite id="45" name="script_indent_consistency_test" package="tests/gdunit" timestamp="2026-07-04T16:59:02" hostname="localhost" tests="4" failures="0" errors="0" skipped="0" flaky="0" time="0.063">
		<testcase name="test_character_panel_indent_consistency" classname="script_indent_consistency_test" time="0.006">
		</testcase>
		<testcase name="test_weapon_registry_indent_consistency" classname="script_indent_consistency_test" time="0.006">
		</testcase>
		<testcase name="test_main_gdscript_files_have_no_tab_after_space" classname="script_indent_consistency_test" time="0.008">
		</testcase>
		<testcase name="test_critical_scripts_parse_successfully" classname="script_indent_consistency_test" time="0.022">
		</testcase>
	</testsuite>
	<testsuite id="46" name="shield_furniture_data_test" package="tests/gdunit" timestamp="2026-07-04T16:59:02" hostname="localhost" tests="9" failures="0" errors="0" skipped="0" flaky="0" time="0.082">
		<testcase name="test_shield_defaults" classname="shield_furniture_data_test" time="0.006">
		</testcase>
		<testcase name="test_shield_decrease_condition" classname="shield_furniture_data_test" time="0.005">
		</testcase>
		<testcase name="test_shield_decrease_clamps_to_zero" classname="shield_furniture_data_test" time="0.006">
		</testcase>
		<testcase name="test_shield_decrease_negative_raises" classname="shield_furniture_data_test" time="0.005">
		</testcase>
		<testcase name="test_shield_condition_never_exceeds_max" classname="shield_furniture_data_test" time="0.006">
		</testcase>
		<testcase name="test_shield_glb_mesh_null_by_default" classname="shield_furniture_data_test" time="0.005">
		</testcase>
		<testcase name="test_furniture_defaults" classname="shield_furniture_data_test" time="0.006">
		</testcase>
		<testcase name="test_furniture_glb_mesh_null_by_default" classname="shield_furniture_data_test" time="0.006">
		</testcase>
		<testcase name="test_furniture_can_set_all_fields" classname="shield_furniture_data_test" time="0.006">
		</testcase>
	</testsuite>
	<testsuite id="47" name="skill_bar_scene_test" package="tests/gdunit" timestamp="2026-07-04T16:59:02" hostname="localhost" tests="11" failures="2" errors="0" skipped="0" flaky="0" time="0.040">
		<testcase name="test_skill_bar_scene_loads" classname="skill_bar_scene_test" time="0.009">
		</testcase>
		<testcase name="test_skill_bar_has_active_slots" classname="skill_bar_scene_test" time="0.012">
			<failure message="FAILED: res://tests/gdunit/skill_bar_scene_test.gd:14" type="FAILURE">
<![CDATA[
Expecting: not to be '<null>'
	at 'test_skill_bar_has_active_slots' in res://tests/gdunit/skill_bar_scene_test.gd:14
]]>
			</failure>
			<failure message="FAILED: res://tests/gdunit/skill_bar_scene_test.gd:15" type="FAILURE">
<![CDATA[
Expecting: not to be '<null>'
	at 'test_skill_bar_has_active_slots' in res://tests/gdunit/skill_bar_scene_test.gd:15
]]>
			</failure>
		</testcase>
	</testsuite>
	<testsuite id="48" name="skill_data_test" package="tests/gdunit" timestamp="2026-07-04T16:59:02" hostname="localhost" tests="42" failures="0" errors="0" skipped="0" flaky="0" time="0.461">
		<testcase name="test_skills_total_count_30" classname="skill_data_test" time="0.006">
		</testcase>
		<testcase name="test_milestones_total_count_18" classname="skill_data_test" time="0.007">
		</testcase>
		<testcase name="test_each_school_has_3_skills" classname="skill_data_test" time="0.009">
		</testcase>
		<testcase name="test_skills_have_3_tiers_per_school" classname="skill_data_test" time="0.007">
		</testcase>
		<testcase name="test_milestones_3_tiers_per_attr" classname="skill_data_test" time="0.008">
		</testcase>
		<testcase name="test_milestone_attrs_cover_6" classname="skill_data_test" time="0.009">
		</testcase>
		<testcase name="test_skill_ids_are_chinese_keys" classname="skill_data_test" time="0.009">
		</testcase>
		<testcase name="test_skill_ids_unique" classname="skill_data_test" time="0.008">
		</testcase>
		<testcase name="test_milestone_ids_unique" classname="skill_data_test" time="0.006">
		</testcase>
		<testcase name="test_active_skills_have_positive_cooldown" classname="skill_data_test" time="0.006">
		</testcase>
		<testcase name="test_passive_skills_have_zero_cooldown_and_cast" classname="skill_data_test" time="0.008">
		</testcase>
		<testcase name="test_all_skills_non_negative_arpg_fields" classname="skill_data_test" time="0.012">
		</testcase>
		<testcase name="test_milestone_values_non_negative" classname="skill_data_test" time="0.007">
		</testcase>
		<testcase name="test_no_turn_based_terms_in_skill_data" classname="skill_data_test" time="0.007">
		</testcase>
		<testcase name="test_can_unlock_t1_threshold" classname="skill_data_test" time="0.008">
		</testcase>
		<testcase name="test_can_unlock_t2_threshold" classname="skill_data_test" time="0.007">
		</testcase>
		<testcase name="test_can_unlock_t3_threshold" classname="skill_data_test" time="0.007">
		</testcase>
		<testcase name="test_can_unlock_milestone_t1" classname="skill_data_test" time="0.006">
		</testcase>
		<testcase name="test_can_unlock_milestone_t2" classname="skill_data_test" time="0.007">
		</testcase>
		<testcase name="test_can_unlock_milestone_t3" classname="skill_data_test" time="0.008">
		</testcase>
		<testcase name="test_get_skills_by_school" classname="skill_data_test" time="0.007">
		</testcase>
		<testcase name="test_get_skill_by_id_found" classname="skill_data_test" time="0.008">
		</testcase>
		<testcase name="test_get_skill_by_id_not_found" classname="skill_data_test" time="0.008">
		</testcase>
		<testcase name="test_get_milestones_by_attr" classname="skill_data_test" time="0.007">
		</testcase>
		<testcase name="test_is_weapon_medium_matched_unarmed_requires_both_empty" classname="skill_data_test" time="0.008">
		</testcase>
		<testcase name="test_is_weapon_medium_matched_sword" classname="skill_data_test" time="0.007">
		</testcase>
		<testcase name="test_is_weapon_medium_matched_two_hand" classname="skill_data_test" time="0.006">
		</testcase>
		<testcase name="test_is_weapon_medium_matched_ranged" classname="skill_data_test" time="0.007">
		</testcase>
		<testcase name="test_is_weapon_medium_matched_magic" classname="skill_data_test" time="0.006">
		</testcase>
		<testcase name="test_cell_to_meter_constant" classname="skill_data_test" time="0.008">
		</testcase>
		<testcase name="test_tick_to_second_constant" classname="skill_data_test" time="0.006">
		</testcase>
		<testcase name="test_cleave_3_cells_becomes_4_5_meters" classname="skill_data_test" time="0.008">
		</testcase>
		<testcase name="test_cleave_knockback_1_cell_becomes_1_5_meters" classname="skill_data_test" time="0.006">
		</testcase>
		<testcase name="test_concussive_blow_stun_2_turns_becomes_2_seconds" classname="skill_data_test" time="0.006">
		</testcase>
[...]
		</testcase>
		<testcase name="test_refresh_zero_value" classname="stat_indicator_test" time="0.007">
		</testcase>
	</testsuite>
	<testsuite id="53" name="tavern_interior_test" package="tests/gdunit" timestamp="2026-07-04T16:59:03" hostname="localhost" tests="31" failures="0" errors="0" skipped="0" flaky="0" time="0.780">
		<testcase name="test_tavern_interior_scene_exists" classname="tavern_interior_test" time="0.007">
		</testcase>
		<testcase name="test_tavern_manager_node_script_exists" classname="tavern_interior_test" time="0.006">
		</testcase>
		<testcase name="test_tavern_interior_has_uid" classname="tavern_interior_test" time="0.017">
		</testcase>
		<testcase name="test_scene_can_be_instantiated" classname="tavern_interior_test" time="0.020">
		</testcase>
		<testcase name="test_skeleton_nodes_present" classname="tavern_interior_test" time="0.022">
		</testcase>
		<testcase name="test_structure_uses_tavern_structure_script" classname="tavern_interior_test" time="0.020">
		</testcase>
		<testcase name="test_structure_has_dedicated_tavern_materials" classname="tavern_interior_test" time="0.019">
		</testcase>
		<testcase name="test_structure_builds_on_ready" classname="tavern_interior_test" time="0.028">
		</testcase>
		<testcase name="test_floor_has_collision_body" classname="tavern_interior_test" time="0.025">
		</testcase>
		<testcase name="test_walls_have_collision" classname="tavern_interior_test" time="0.025">
		</testcase>
		<testcase name="test_world_environment_present" classname="tavern_interior_test" time="0.019">
		</testcase>
		<testcase name="test_directional_light_present" classname="tavern_interior_test" time="0.021">
		</testcase>
		<testcase name="test_player_spawn_is_marker3d" classname="tavern_interior_test" time="0.018">
		</testcase>
		<testcase name="test_tavern_materials_not_reusing_old_dungeon_wall_mat" classname="tavern_interior_test" time="0.021">
		</testcase>
		<testcase name="test_scene_has_no_ui_overlay_node" classname="tavern_interior_test" time="0.024">
		</testcase>
		<testcase name="test_scene_has_no_control_descendants" classname="tavern_interior_test" time="0.020">
		</testcase>
		<testcase name="test_scene_has_no_canvas_layer_descendants" classname="tavern_interior_test" time="0.018">
		</testcase>
		<testcase name="test_root_is_node3d_not_control" classname="tavern_interior_test" time="0.020">
		</testcase>
		<testcase name="test_hud_only_mounted_in_night_phase" classname="tavern_interior_test" time="0.028">
		</testcase>
		<testcase name="test_seat_count_matches_expected" classname="tavern_interior_test" time="0.029">
		</testcase>
		<testcase name="test_seat_names_are_sequential" classname="tavern_interior_test" time="0.033">
		</testcase>
		<testcase name="test_get_seat_out_of_range_returns_null" classname="tavern_interior_test" time="0.025">
		</testcase>
		<testcase name="test_all_seats_are_marker3d" classname="tavern_interior_test" time="0.027">
		</testcase>
		<testcase name="test_lighting_props_present" classname="tavern_interior_test" time="0.023">
		</testcase>
		<testcase name="test_pillars_built_by_structure_script" classname="tavern_interior_test" time="0.030">
		</testcase>
		<testcase name="test_barrel_rack_present" classname="tavern_interior_test" time="0.020">
		</testcase>
		<testcase name="test_bar_counter_built_by_structure_script" classname="tavern_interior_test" time="0.024">
		</testcase>
		<testcase name="test_brewing_and_upgrade_stations_present" classname="tavern_interior_test" time="0.020">
		</testcase>
		<testcase name="test_dining_tables_present" classname="tavern_interior_test" time="0.021">
		</testcase>
		<testcase name="test_each_dining_table_has_four_chairs" classname="tavern_interior_test" time="0.019">
		</testcase>
		<testcase name="test_tavern_manager_night_phase_points_to_3d_scene" classname="tavern_interior_test" time="0.006">
		</testcase>
	</testsuite>
	<testsuite id="54" name="tavern_manager_test" package="tests/gdunit" timestamp="2026-07-04T16:59:04" hostname="localhost" tests="16" failures="1" errors="0" skipped="0" flaky="0" time="0.068">
		<testcase name="test_initial_phase_is_day" classname="tavern_manager_test" time="0.006">
		</testcase>
		<testcase name="test_initial_day_is_1" classname="tavern_manager_test" time="0.007">
		</testcase>
		<testcase name="test_initial_gold_is_100" classname="tavern_manager_test" time="0.006">
		</testcase>
		<testcase name="test_add_material_increases_inventory" classname="tavern_manager_test" time="0.006">
		</testcase>
		<testcase name="test_add_material_accumulates" classname="tavern_manager_test" time="0.006">
		</testcase>
		<testcase name="test_remove_material_reduces_inventory" classname="tavern_manager_test" time="0.005">
			<failure message="FAILED: res://tests/gdunit/tavern_manager_test.gd:49" type="FAILURE">
<![CDATA[
Expecting:
 2
 but was
 5
	at 'test_remove_material_reduces_inventory' in res://tests/gdunit/tavern_manager_test.gd:49
]]>
			</failure>
		</testcase>
	</testsuite>
	<testsuite id="55" name="tavern_settlement_test" package="tests/gdunit" timestamp="2026-07-04T16:59:04" hostname="localhost" tests="37" failures="0" errors="0" skipped="0" flaky="0" time="0.349">
		<testcase name="test_generate_customer_has_race" classname="tavern_settlement_test" time="0.006">
		</testcase>
		<testcase name="test_generate_customer_copies_race_template" classname="tavern_settlement_test" time="0.006">
		</testcase>
		<testcase name="test_generate_customer_carry_type_is_valid" classname="tavern_settlement_test" time="0.007">
		</testcase>
		<testcase name="test_iron_carry_has_positive_amount" classname="tavern_settlement_test" time="0.006">
		</testcase>
		<testcase name="test_gear_carry_has_zero_iron_and_gear_item" classname="tavern_settlement_test" time="0.005">
		</testcase>
		<testcase name="test_iron_amount_within_race_base_range" classname="tavern_settlement_test" time="0.007">
		</testcase>
		<testcase name="test_customer_has_real_name" classname="tavern_settlement_test" time="0.005">
		</testcase>
		<testcase name="test_human_accepts_clean_brew_cheap_price" classname="tavern_settlement_test" time="0.005">
		</testcase>
		<testcase name="test_human_accepts_normal_price" classname="tavern_settlement_test" time="0.005">
		</testcase>
		<testcase name="test_human_expensive_price_reputation_penalty" classname="tavern_settlement_test" time="0.006">
		</testcase>
		<testcase name="test_human_extortionate_price_refused" classname="tavern_settlement_test" time="0.006">
		</testcase>
		<testcase name="test_human_refuses_brew_with_stench" classname="tavern_settlement_test" time="0.006">
		</testcase>
		<testcase name="test_human_refuses_brew_with_poison" classname="tavern_settlement_test" time="0.006">
		</testcase>
		<testcase name="test_monster_perfect_settlement_iron_full_pay" classname="tavern_settlement_test" time="0.005">
		</testcase>
		<testcase name="test_monster_satisfied_settlement_iron_full_pay" classname="tavern_settlement_test" time="0.006">
		</testcase>
		<testcase name="test_monster_perfect_gear_type_gives_blind_box" classname="tavern_settlement_test" time="0.006">
		</testcase>
		<testcase name="test_blind_box_gear_uses_weapon_registry" classname="tavern_settlement_test" time="0.007">
		</testcase>
		<testcase name="test_blind_box_tier_index_in_valid_range" classname="tavern_settlement_test" time="0.007">
		</testcase>
		<testcase name="test_blind_box_prefix_is_from_defined_pool" classname="tavern_settlement_test" time="0.006">
		</testcase>
		<testcase name="test_blind_box_display_name_includes_prefix_and_tier" classname="tavern_settlement_test" time="0.007">
		</testcase>
		<testcase name="test_monster_satisfied_gear_type_no_gift" classname="tavern_settlement_test" time="0.006">
		</testcase>
		<testcase name="test_monster_normal_settlement_partial_pay" classname="tavern_settlement_test" time="0.006">
		</testcase>
		<testcase name="test_monster_refuse_with_disliked_flavor_high" classname="tavern_settlement_test" time="0.006">
		</testcase>
		<testcase name="test_monster_no_liked_no_disliked_refuse" classname="tavern_settlement_test" time="0.006">
		</testcase>
		<testcase name="test_affinity_transfers_to_faction_reputation" classname="tavern_settlement_test" time="0.006">
		</testcase>
		<testcase name="test_negative_affinity_transfers_to_faction" classname="tavern_settlement_test" time="0.006">
		</testcase>
		<testcase name="test_human_does_not_affect_faction_reputation" classname="tavern_settlement_test" time="0.005">
		</testcase>
		<testcase name="test_rumor_reputation_decreases_on_human_refuse" classname="tavern_settlement_test" time="0.007">
		</testcase>
		<testcase name="test_rumor_reputation_decreases_on_extortionate_price" classname="tavern_settlement_test" time="0.006">
		</testcase>
		<testcase name="test_prestige_tier_wary_at_zero" classname="tavern_settlement_test" time="0.006">
		</testcase>
		<testcase name="test_prestige_tier_exalted_at_high_value" classname="tavern_settlement_test" time="0.006">
		</testcase>
		<testcase name="test_prestige_tier_boundaries" classname="tavern_settlement_test" time="0.006">
		</testcase>
		<testcase name="test_prestige_gift_pool_contains_valid_materials" classname="tavern_settlement_test" time="0.006">
		</testcase>
		<testcase name="test_wary_tier_no_gift" classname="tavern_settlement_test" time="0.006">
		</testcase>
		<testcase name="test_regular_registration_at_affinity_threshold" classname="tavern_settlement_test" time="0.005">
		</testcase>
		<testcase name="test_regular_pool_max_five_per_race" classname="tavern_settlement_test" time="0.005">
		</testcase>
		<testcase name="test_settlement_result_initial_state" classname="tavern_settlement_test" time="0.005">
		</testcase>
	</testsuite>
	<testsuite id="56" name="ui_resource_integrity_test" package="tests/gdunit" timestamp="2026-07-04T16:59:04" hostname="localhost" tests="14" failures="1" errors="0" skipped="0" flaky="0" time="0.096">
		<testcase name="test_lantern_theme_exists" classname="ui_resource_integrity_test" time="0.005">
		</testcase>
		<testcase name="test_main_menu_scene_exists" classname="ui_resource_integrity_test" time="0.005">
		</testcase>
		<testcase name="test_ui_scene_exists" classname="ui_resource_integrity_test" time="0.006">
		</testcase>
		<testcase name="test_pause_menu_scene_exists" classname="ui_resource_integrity_test" time="0.006">
		</testcase>
		<testcase name="test_character_panel_scene_exists" classname="ui_resource_integrity_test" time="0.006">
		</testcase>
		<testcase name="test_model_viewer_scene_exists" classname="ui_resource_integrity_test" time="0.006">
		</testcase>
		<testcase name="test_tavern_ui_scene_exists" classname="ui_resource_integrity_test" time="0.006">
		</testcase>
		<testcase name="test_stat_indicator_scene_exists" classname="ui_resource_integrity_test" time="0.005">
		</testcase>
		<testcase name="test_key_texture_scene_exists" classname="ui_resource_integrity_test" time="0.007">
		</testcase>
		<testcase name="test_cursor_texture_exists" classname="ui_resource_integrity_test" time="0.006">
			<failure message="FAILED: res://tests/gdunit/ui_resource_integrity_test.gd:43" type="FAILURE">
<![CDATA[
Expecting: 'true' but is 'false'
	at 'test_cursor_texture_exists' in res://tests/gdunit/ui_resource_integrity_test.gd:43
]]>
			</failure>
		</testcase>
	</testsuite>
	<testsuite id="57" name="ui_scene_integrity_test" package="tests/gdunit" timestamp="2026-07-04T16:59:04" hostname="localhost" tests="5" failures="0" errors="0" skipped="0" flaky="0" time="0.089">
		<testcase name="test_all_ui_scripts_have_corresponding_scenes" classname="ui_scene_integrity_test" time="0.006">
		</testcase>
		<testcase name="test_script_new_returns_bare_node_without_children" classname="ui_scene_integrity_test" time="0.007">
		</testcase>
		<testcase name="test_scene_instantiate_provides_child_nodes" classname="ui_scene_integrity_test" time="0.010">
		</testcase>
		<testcase name="test_all_ui_scenes_instantiate_without_error" classname="ui_scene_integrity_test" time="0.030">
		</testcase>
		<testcase name="test_procedural_dungeon_mounts_hud_via_scene" classname="ui_scene_integrity_test" time="0.008">
		</testcase>
	</testsuite>
	<testsuite id="58" name="viewer_panel_integration_test" package="tests/gdunit" timestamp="2026-07-04T16:59:04" hostname="localhost" tests="5" failures="0" errors="0" skipped="0" flaky="0" time="0.053">
		<testcase name="test_model_viewer_scene_exists" classname="viewer_panel_integration_test" time="0.006">
		</testcase>
		<testcase name="test_character_panel_scene_exists" classname="viewer_panel_integration_test" time="0.007">
		</testcase>
		<testcase name="test_weapon_registry_autoload_registered" classname="viewer_panel_integration_test" time="0.007">
		</testcase>
		<testcase name="test_model_viewer_uses_weapon_registry" classname="viewer_panel_integration_test" time="0.006">
		</testcase>
		<testcase name="test_character_panel_gear_list_exists" classname="viewer_panel_integration_test" time="0.006">
		</testcase>
	</testsuite>
	<testsuite id="59" name="weapon_data_json_test" package="tests/gdunit" timestamp="2026-07-04T16:59:04" hostname="localhost" tests="10" failures="0" errors="0" skipped="0" flaky="0" time="0.114">
		<testcase name="test_json_file_exists" classname="weapon_data_json_test" time="0.006">
		</testcase>
		<testcase name="test_json_parseable" classname="weapon_data_json_test" time="0.007">
		</testcase>
		<testcase name="test_weapon_entries_have_required_fields" classname="weapon_data_json_test" time="0.008">
		</testcase>
		<testcase name="test_weapon_tiers_have_minimal_fields" classname="weapon_data_json_test" time="0.007">
		</testcase>
		<testcase name="test_armor_entries_have_required_fields" classname="weapon_data_json_test" time="0.007">
		</testcase>
		<testcase name="test_glb_paths_point_to_existing_files" classname="weapon_data_json_test" time="0.007">
		</testcase>
		<testcase name="test_no_duplicate_ids" classname="weapon_data_json_test" time="0.007">
		</testcase>
		<testcase name="test_hands_field_valid" classname="weapon_data_json_test" time="0.007">
		</testcase>
		<testcase name="test_version_number" classname="weapon_data_json_test" time="0.007">
		</testcase>
		<testcase name="test_categories_array_defined" classname="weapon_data_json_test" time="0.007">
		</testcase>
	</testsuite>
	<testsuite id="60" name="weapon_registry_test" package="tests/gdunit" timestamp="2026-07-04T16:59:04" hostname="localhost" tests="15" failures="0" errors="0" skipped="0" flaky="0" time="0.177">
		<testcase name="test_registry_loads_all_weapons" classname="weapon_registry_test" time="0.008">
		</testcase>
		<testcase name="test_shortsword_has_glb_and_tiers" classname="weapon_registry_test" time="0.008">
		</testcase>
		<testcase name="test_greatsword_has_three_tiers" classname="weapon_registry_test" time="0.007">
		</testcase>
		<testcase name="test_warhammer_has_knockback_and_stun" classname="weapon_registry_test" time="0.007">
		</testcase>
		<testcase name="test_dagger_has_high_crit" classname="weapon_registry_test" time="0.007">
		</testcase>
		<testcase name="test_shield_has_three_tiers" classname="weapon_registry_test" time="0.006">
		</testcase>
		<testcase name="test_get_model_viewer_entries_returns_categories" classname="weapon_registry_test" time="0.008">
		</testcase>
		<testcase name="test_get_gear_list_entries_returns_objects_with_glb" classname="weapon_registry_test" time="0.008">
		</testcase>
		<testcase name="test_get_gear_list_by_category_filters_correctly" classname="weapon_registry_test" time="0.007">
		</testcase>
		<testcase name="test_armor_has_tiers" classname="weapon_registry_test" time="0.007">
		</testcase>
		<testcase name="test_weight_accessory_carry_bonus" classname="weapon_registry_test" time="0.007">
		</testcase>
		<testcase name="test_get_weapon_data_returns_weapondata_resource" classname="weapon_registry_test" time="0.009">
		</testcase>
		<testcase name="test_get_display_name_localized" classname="weapon_registry_test" time="0.008">
		</testcase>
		<testcase name="test_get_by_category_returns_all_categories" classname="weapon_registry_test" time="0.007">
		</testcase>
		<testcase name="test_get_category_name_returns_display_name" classname="weapon_registry_test" time="0.007">
		</testcase>
	</testsuite>
	<testsuite id="61" name="wfc_generator_test" package="tests/gdunit" timestamp="2026-07-04T16:59:05" hostname="localhost" tests="18" failures="1" errors="0" skipped="0" flaky="0" time="0.277">
		<testcase name="test_collapse_room_returns_configured_grid" classname="wfc_generator_test" time="0.029">
		</testcase>
		<testcase name="test_border_tiles_are_wall_or_empty_dynamic" classname="wfc_generator_test" time="0.049">
		</testcase>
		<testcase name="test_collapse_completes_in_reasonable_time" classname="wfc_generator_test" time="0.037">
		</testcase>
		<testcase name="test_floor_never_on_border_dynamic" classname="wfc_generator_test" time="0.051">
		</testcase>
		<testcase name="test_treasure_corner_pins" classname="wfc_generator_test" time="0.007">
		</testcase>
		<testcase name="test_pillar_hall_pins" classname="wfc_generator_test" time="0.007">
		</testcase>
		<testcase name="test_altar_room_center_loot" classname="wfc_generator_test" time="0.007">
		</testcase>
		<testcase name="test_ring_hall_center_loot" classname="wfc_generator_test" time="0.009">
		</testcase>
		<testcase name="test_resource_depot_loot_pin" classname="wfc_generator_test" time="0.011">
		</testcase>
		<testcase name="test_labyrinth_cell_loot_pin" classname="wfc_generator_test" time="0.013">
			<failure message="FAILED: res://tests/gdunit/wfc_generator_test.gd:112" type="FAILURE">
<![CDATA[
Expecting:
 3
 but was
 1
	at 'test_labyrinth_cell_loot_pin' in res://tests/gdunit/wfc_generator_test.gd:112
]]>
			</failure>
		</testcase>
	</testsuite>
	<testsuite id="62" name="zone_select_test" package="tests/gdunit" timestamp="2026-07-04T16:59:05" hostname="localhost" tests="16" failures="0" errors="0" skipped="0" flaky="0" time="0.158">
		<testcase name="test_zone_manager_autoload_exists" classname="zone_select_test" time="0.006">
		</testcase>
		<testcase name="test_four_zones_defined" classname="zone_select_test" time="0.006">
		</testcase>
		<testcase name="test_zone_meta_has_required_fields" classname="zone_select_test" time="0.006">
		</testcase>
		<testcase name="test_zone_names_are_chinese" classname="zone_select_test" time="0.006">
		</testcase>
		<testcase name="test_difficulty_progression" classname="zone_select_test" time="0.007">
		</testcase>
		<testcase name="test_scatter_materials_all_valid" classname="zone_select_test" time="0.006">
		</testcase>
		<testcase name="test_scatter_materials_no_old_fictional_ids" classname="zone_select_test" time="0.007">
		</testcase>
		<testcase name="test_scatter_materials_match_zone_theme" classname="zone_select_test" time="0.005">
		</testcase>
		<testcase name="test_set_zone_clamps_value" classname="zone_select_test" time="0.006">
		</testcase>
		<testcase name="test_set_zone_persists" classname="zone_select_test" time="0.005">
		</testcase>
		<testcase name="test_main_menu_routes_to_tavern" classname="zone_select_test" time="0.007">
		</testcase>
		<testcase name="test_procedural_dungeon_reads_zone_manager" classname="zone_select_test" time="0.006">
		</testcase>
		<testcase name="test_procedural_dungeon_materials_config_no_old_fictional" classname="zone_select_test" time="0.007">
		</testcase>
		<testcase name="test_zone_select_scene_exists" classname="zone_select_test" time="0.006">
		</testcase>
		<testcase name="test_zone_select_script_exists" classname="zone_select_test" time="0.007">
		</testcase>
		<testcase name="test_zone_select_no_invalid_button_alignment_property" classname="zone_select_test" time="0.006">
		</testcase>
	</testsuite>
</testsuites>
